CRITICAL - 2021-01-23 05:42:55 --> Illegal string offset 'idUser'
#0 D:\xampp\htdocs\ReservasiZoom\app\Views\reservasi\detail.php(9): CodeIgniter\Debug\Exceptions->errorHandler(2, 'Illegal string ...', 'D:\\xampp\\htdocs...', 9, Array)
#1 D:\xampp\htdocs\ReservasiZoom\vendor\codeigniter4\framework\system\View\View.php(246): include('D:\\xampp\\htdocs...')
#2 D:\xampp\htdocs\ReservasiZoom\vendor\codeigniter4\framework\system\Common.php(1119): CodeIgniter\View\View->render('reservasi/detai...', Array, true)
#3 D:\xampp\htdocs\ReservasiZoom\app\Controllers\Reservasi.php(46): view('reservasi/detai...', Array)
#4 D:\xampp\htdocs\ReservasiZoom\vendor\codeigniter4\framework\system\CodeIgniter.php(918): App\Controllers\Reservasi->detail('2')
#5 D:\xampp\htdocs\ReservasiZoom\vendor\codeigniter4\framework\system\CodeIgniter.php(404): CodeIgniter\CodeIgniter->runController(Object(App\Controllers\Reservasi))
#6 D:\xampp\htdocs\ReservasiZoom\vendor\codeigniter4\framework\system\CodeIgniter.php(312): CodeIgniter\CodeIgniter->handleRequest(NULL, Object(Config\Cache), false)
#7 D:\xampp\htdocs\ReservasiZoom\public\index.php(45): CodeIgniter\CodeIgniter->run()
#8 D:\xampp\htdocs\ReservasiZoom\vendor\codeigniter4\framework\system\Commands\Server\rewrite.php(34): require_once('D:\\xampp\\htdocs...')
#9 {main}
CRITICAL - 2021-01-23 05:43:02 --> Undefined property: App\Controllers\Pages::$reservasiModel
#0 D:\xampp\htdocs\ReservasiZoom\app\Controllers\Pages.php(9): CodeIgniter\Debug\Exceptions->errorHandler(8, 'Undefined prope...', 'D:\\xampp\\htdocs...', 9, Array)
#1 D:\xampp\htdocs\ReservasiZoom\vendor\codeigniter4\framework\system\CodeIgniter.php(918): App\Controllers\Pages->index()
#2 D:\xampp\htdocs\ReservasiZoom\vendor\codeigniter4\framework\system\CodeIgniter.php(404): CodeIgniter\CodeIgniter->runController(Object(App\Controllers\Pages))
#3 D:\xampp\htdocs\ReservasiZoom\vendor\codeigniter4\framework\system\CodeIgniter.php(312): CodeIgniter\CodeIgniter->handleRequest(NULL, Object(Config\Cache), false)
#4 D:\xampp\htdocs\ReservasiZoom\public\index.php(45): CodeIgniter\CodeIgniter->run()
#5 D:\xampp\htdocs\ReservasiZoom\vendor\codeigniter4\framework\system\Commands\Server\rewrite.php(34): require_once('D:\\xampp\\htdocs...')
#6 {main}
CRITICAL - 2021-01-23 05:44:27 --> Undefined property: App\Controllers\Pages::$userModel
#0 D:\xampp\htdocs\ReservasiZoom\app\Controllers\Pages.php(17): CodeIgniter\Debug\Exceptions->errorHandler(8, 'Undefined prope...', 'D:\\xampp\\htdocs...', 17, Array)
#1 D:\xampp\htdocs\ReservasiZoom\vendor\codeigniter4\framework\system\CodeIgniter.php(918): App\Controllers\Pages->index()
#2 D:\xampp\htdocs\ReservasiZoom\vendor\codeigniter4\framework\system\CodeIgniter.php(404): CodeIgniter\CodeIgniter->runController(Object(App\Controllers\Pages))
#3 D:\xampp\htdocs\ReservasiZoom\vendor\codeigniter4\framework\system\CodeIgniter.php(312): CodeIgniter\CodeIgniter->handleRequest(NULL, Object(Config\Cache), false)
#4 D:\xampp\htdocs\ReservasiZoom\public\index.php(45): CodeIgniter\CodeIgniter->run()
#5 D:\xampp\htdocs\ReservasiZoom\vendor\codeigniter4\framework\system\Commands\Server\rewrite.php(34): require_once('D:\\xampp\\htdocs...')
#6 {main}
CRITICAL - 2021-01-23 05:45:17 --> Invalid argument supplied for foreach()
#0 D:\xampp\htdocs\ReservasiZoom\app\Views\reservasi\detail.php(8): CodeIgniter\Debug\Exceptions->errorHandler(2, 'Invalid argumen...', 'D:\\xampp\\htdocs...', 8, Array)
#1 D:\xampp\htdocs\ReservasiZoom\vendor\codeigniter4\framework\system\View\View.php(246): include('D:\\xampp\\htdocs...')
#2 D:\xampp\htdocs\ReservasiZoom\vendor\codeigniter4\framework\system\Common.php(1119): CodeIgniter\View\View->render('reservasi/detai...', Array, true)
#3 D:\xampp\htdocs\ReservasiZoom\app\Controllers\Reservasi.php(46): view('reservasi/detai...', Array)
#4 D:\xampp\htdocs\ReservasiZoom\vendor\codeigniter4\framework\system\CodeIgniter.php(918): App\Controllers\Reservasi->detail('magang-pemrogra...')
#5 D:\xampp\htdocs\ReservasiZoom\vendor\codeigniter4\framework\system\CodeIgniter.php(404): CodeIgniter\CodeIgniter->runController(Object(App\Controllers\Reservasi))
#6 D:\xampp\htdocs\ReservasiZoom\vendor\codeigniter4\framework\system\CodeIgniter.php(312): CodeIgniter\CodeIgniter->handleRequest(NULL, Object(Config\Cache), false)
#7 D:\xampp\htdocs\ReservasiZoom\public\index.php(45): CodeIgniter\CodeIgniter->run()
#8 D:\xampp\htdocs\ReservasiZoom\vendor\codeigniter4\framework\system\Commands\Server\rewrite.php(34): require_once('D:\\xampp\\htdocs...')
#9 {main}
CRITICAL - 2021-01-23 05:47:35 --> Invalid argument supplied for foreach()
#0 D:\xampp\htdocs\ReservasiZoom\app\Views\reservasi\detail.php(8): CodeIgniter\Debug\Exceptions->errorHandler(2, 'Invalid argumen...', 'D:\\xampp\\htdocs...', 8, Array)
#1 D:\xampp\htdocs\ReservasiZoom\vendor\codeigniter4\framework\system\View\View.php(246): include('D:\\xampp\\htdocs...')
#2 D:\xampp\htdocs\ReservasiZoom\vendor\codeigniter4\framework\system\Common.php(1119): CodeIgniter\View\View->render('reservasi/detai...', Array, true)
#3 D:\xampp\htdocs\ReservasiZoom\app\Controllers\Reservasi.php(46): view('reservasi/detai...', Array)
#4 D:\xampp\htdocs\ReservasiZoom\vendor\codeigniter4\framework\system\CodeIgniter.php(918): App\Controllers\Reservasi->detail('magang-pemrogra...')
#5 D:\xampp\htdocs\ReservasiZoom\vendor\codeigniter4\framework\system\CodeIgniter.php(404): CodeIgniter\CodeIgniter->runController(Object(App\Controllers\Reservasi))
#6 D:\xampp\htdocs\ReservasiZoom\vendor\codeigniter4\framework\system\CodeIgniter.php(312): CodeIgniter\CodeIgniter->handleRequest(NULL, Object(Config\Cache), false)
#7 D:\xampp\htdocs\ReservasiZoom\public\index.php(45): CodeIgniter\CodeIgniter->run()
#8 D:\xampp\htdocs\ReservasiZoom\vendor\codeigniter4\framework\system\Commands\Server\rewrite.php(34): require_once('D:\\xampp\\htdocs...')
#9 {main}
CRITICAL - 2021-01-23 06:03:59 --> syntax error, unexpected '=', expecting ']'
#0 D:\xampp\htdocs\ReservasiZoom\vendor\codeigniter4\framework\system\Autoloader\Autoloader.php(296): CodeIgniter\Autoloader\Autoloader->requireFile('D:\\xampp\\htdocs...')
#1 D:\xampp\htdocs\ReservasiZoom\vendor\codeigniter4\framework\system\Autoloader\Autoloader.php(258): CodeIgniter\Autoloader\Autoloader->loadInNamespace('App\\Controllers...')
#2 [internal function]: CodeIgniter\Autoloader\Autoloader->loadClass('App\\Controllers...')
#3 [internal function]: spl_autoload_call('App\\Controllers...')
#4 D:\xampp\htdocs\ReservasiZoom\vendor\codeigniter4\framework\system\CodeIgniter.php(869): class_exists('\\App\\Controller...', true)
#5 D:\xampp\htdocs\ReservasiZoom\vendor\codeigniter4\framework\system\CodeIgniter.php(394): CodeIgniter\CodeIgniter->startController()
#6 D:\xampp\htdocs\ReservasiZoom\vendor\codeigniter4\framework\system\CodeIgniter.php(312): CodeIgniter\CodeIgniter->handleRequest(NULL, Object(Config\Cache), false)
#7 D:\xampp\htdocs\ReservasiZoom\public\index.php(45): CodeIgniter\CodeIgniter->run()
#8 D:\xampp\htdocs\ReservasiZoom\vendor\codeigniter4\framework\system\Commands\Server\rewrite.php(34): require_once('D:\\xampp\\htdocs...')
#9 {main}
CRITICAL - 2021-01-23 06:04:24 --> syntax error, unexpected '=', expecting ']'
#0 D:\xampp\htdocs\ReservasiZoom\vendor\codeigniter4\framework\system\Router\Router.php(195): CodeIgniter\Router\Router->autoRoute('reservasi')
#1 D:\xampp\htdocs\ReservasiZoom\vendor\codeigniter4\framework\system\CodeIgniter.php(793): CodeIgniter\Router\Router->handle('reservasi')
#2 D:\xampp\htdocs\ReservasiZoom\vendor\codeigniter4\framework\system\CodeIgniter.php(364): CodeIgniter\CodeIgniter->tryToRouteIt(Object(CodeIgniter\Router\RouteCollection))
#3 D:\xampp\htdocs\ReservasiZoom\vendor\codeigniter4\framework\system\CodeIgniter.php(312): CodeIgniter\CodeIgniter->handleRequest(NULL, Object(Config\Cache), false)
#4 D:\xampp\htdocs\ReservasiZoom\public\index.php(45): CodeIgniter\CodeIgniter->run()
#5 D:\xampp\htdocs\ReservasiZoom\vendor\codeigniter4\framework\system\Commands\Server\rewrite.php(34): require_once('D:\\xampp\\htdocs...')
#6 {main}
CRITICAL - 2021-01-23 06:15:01 --> Illegal string offset 'idUser'
#0 D:\xampp\htdocs\ReservasiZoom\app\Views\reservasi\detail.php(9): CodeIgniter\Debug\Exceptions->errorHandler(2, 'Illegal string ...', 'D:\\xampp\\htdocs...', 9, Array)
#1 D:\xampp\htdocs\ReservasiZoom\vendor\codeigniter4\framework\system\View\View.php(246): include('D:\\xampp\\htdocs...')
#2 D:\xampp\htdocs\ReservasiZoom\vendor\codeigniter4\framework\system\Common.php(1119): CodeIgniter\View\View->render('reservasi/detai...', Array, true)
#3 D:\xampp\htdocs\ReservasiZoom\app\Controllers\Reservasi.php(46): view('reservasi/detai...', Array)
#4 D:\xampp\htdocs\ReservasiZoom\vendor\codeigniter4\framework\system\CodeIgniter.php(918): App\Controllers\Reservasi->detail('magang-pemrogra...')
#5 D:\xampp\htdocs\ReservasiZoom\vendor\codeigniter4\framework\system\CodeIgniter.php(404): CodeIgniter\CodeIgniter->runController(Object(App\Controllers\Reservasi))
#6 D:\xampp\htdocs\ReservasiZoom\vendor\codeigniter4\framework\system\CodeIgniter.php(312): CodeIgniter\CodeIgniter->handleRequest(NULL, Object(Config\Cache), false)
#7 D:\xampp\htdocs\ReservasiZoom\public\index.php(45): CodeIgniter\CodeIgniter->run()
#8 D:\xampp\htdocs\ReservasiZoom\vendor\codeigniter4\framework\system\Commands\Server\rewrite.php(34): require_once('D:\\xampp\\htdocs...')
#9 {main}
CRITICAL - 2021-01-23 06:15:54 --> Illegal string offset 'jenis_kegiatan'
#0 D:\xampp\htdocs\ReservasiZoom\app\Views\reservasi\detail.php(9): CodeIgniter\Debug\Exceptions->errorHandler(2, 'Illegal string ...', 'D:\\xampp\\htdocs...', 9, Array)
#1 D:\xampp\htdocs\ReservasiZoom\vendor\codeigniter4\framework\system\View\View.php(246): include('D:\\xampp\\htdocs...')
#2 D:\xampp\htdocs\ReservasiZoom\vendor\codeigniter4\framework\system\Common.php(1119): CodeIgniter\View\View->render('reservasi/detai...', Array, true)
#3 D:\xampp\htdocs\ReservasiZoom\app\Controllers\Reservasi.php(46): view('reservasi/detai...', Array)
#4 D:\xampp\htdocs\ReservasiZoom\vendor\codeigniter4\framework\system\CodeIgniter.php(918): App\Controllers\Reservasi->detail('magang-pemrogra...')
#5 D:\xampp\htdocs\ReservasiZoom\vendor\codeigniter4\framework\system\CodeIgniter.php(404): CodeIgniter\CodeIgniter->runController(Object(App\Controllers\Reservasi))
#6 D:\xampp\htdocs\ReservasiZoom\vendor\codeigniter4\framework\system\CodeIgniter.php(312): CodeIgniter\CodeIgniter->handleRequest(NULL, Object(Config\Cache), false)
#7 D:\xampp\htdocs\ReservasiZoom\public\index.php(45): CodeIgniter\CodeIgniter->run()
#8 D:\xampp\htdocs\ReservasiZoom\vendor\codeigniter4\framework\system\Commands\Server\rewrite.php(34): require_once('D:\\xampp\\htdocs...')
#9 {main}
CRITICAL - 2021-01-23 06:16:48 --> Illegal string offset 'idUser'
#0 D:\xampp\htdocs\ReservasiZoom\app\Views\reservasi\detail.php(31): CodeIgniter\Debug\Exceptions->errorHandler(2, 'Illegal string ...', 'D:\\xampp\\htdocs...', 31, Array)
#1 D:\xampp\htdocs\ReservasiZoom\vendor\codeigniter4\framework\system\View\View.php(246): include('D:\\xampp\\htdocs...')
#2 D:\xampp\htdocs\ReservasiZoom\vendor\codeigniter4\framework\system\Common.php(1119): CodeIgniter\View\View->render('reservasi/detai...', Array, true)
#3 D:\xampp\htdocs\ReservasiZoom\app\Controllers\Reservasi.php(46): view('reservasi/detai...', Array)
#4 D:\xampp\htdocs\ReservasiZoom\vendor\codeigniter4\framework\system\CodeIgniter.php(918): App\Controllers\Reservasi->detail('magang-pemrogra...')
#5 D:\xampp\htdocs\ReservasiZoom\vendor\codeigniter4\framework\system\CodeIgniter.php(404): CodeIgniter\CodeIgniter->runController(Object(App\Controllers\Reservasi))
#6 D:\xampp\htdocs\ReservasiZoom\vendor\codeigniter4\framework\system\CodeIgniter.php(312): CodeIgniter\CodeIgniter->handleRequest(NULL, Object(Config\Cache), false)
#7 D:\xampp\htdocs\ReservasiZoom\public\index.php(45): CodeIgniter\CodeIgniter->run()
#8 D:\xampp\htdocs\ReservasiZoom\vendor\codeigniter4\framework\system\Commands\Server\rewrite.php(34): require_once('D:\\xampp\\htdocs...')
#9 {main}
CRITICAL - 2021-01-23 06:18:17 --> Illegal string offset 'idUser'
#0 D:\xampp\htdocs\ReservasiZoom\app\Views\reservasi\detail.php(31): CodeIgniter\Debug\Exceptions->errorHandler(2, 'Illegal string ...', 'D:\\xampp\\htdocs...', 31, Array)
#1 D:\xampp\htdocs\ReservasiZoom\vendor\codeigniter4\framework\system\View\View.php(246): include('D:\\xampp\\htdocs...')
#2 D:\xampp\htdocs\ReservasiZoom\vendor\codeigniter4\framework\system\Common.php(1119): CodeIgniter\View\View->render('reservasi/detai...', Array, true)
#3 D:\xampp\htdocs\ReservasiZoom\app\Controllers\Reservasi.php(46): view('reservasi/detai...', Array)
#4 D:\xampp\htdocs\ReservasiZoom\vendor\codeigniter4\framework\system\CodeIgniter.php(918): App\Controllers\Reservasi->detail('magang-pemrogra...')
#5 D:\xampp\htdocs\ReservasiZoom\vendor\codeigniter4\framework\system\CodeIgniter.php(404): CodeIgniter\CodeIgniter->runController(Object(App\Controllers\Reservasi))
#6 D:\xampp\htdocs\ReservasiZoom\vendor\codeigniter4\framework\system\CodeIgniter.php(312): CodeIgniter\CodeIgniter->handleRequest(NULL, Object(Config\Cache), false)
#7 D:\xampp\htdocs\ReservasiZoom\public\index.php(45): CodeIgniter\CodeIgniter->run()
#8 D:\xampp\htdocs\ReservasiZoom\vendor\codeigniter4\framework\system\Commands\Server\rewrite.php(34): require_once('D:\\xampp\\htdocs...')
#9 {main}
CRITICAL - 2021-01-23 06:18:56 --> Invalid file: reservasi/detail.php
#0 D:\xampp\htdocs\ReservasiZoom\vendor\codeigniter4\framework\system\View\View.php(228): CodeIgniter\Exceptions\FrameworkException::forInvalidFile('reservasi/detai...')
#1 D:\xampp\htdocs\ReservasiZoom\vendor\codeigniter4\framework\system\Common.php(1119): CodeIgniter\View\View->render('reservasi/detai...', Array, true)
#2 D:\xampp\htdocs\ReservasiZoom\app\Controllers\Reservasi.php(46): view('reservasi/detai...', Array)
#3 D:\xampp\htdocs\ReservasiZoom\vendor\codeigniter4\framework\system\CodeIgniter.php(918): App\Controllers\Reservasi->detail('magang-pemrogra...')
#4 D:\xampp\htdocs\ReservasiZoom\vendor\codeigniter4\framework\system\CodeIgniter.php(404): CodeIgniter\CodeIgniter->runController(Object(App\Controllers\Reservasi))
#5 D:\xampp\htdocs\ReservasiZoom\vendor\codeigniter4\framework\system\CodeIgniter.php(312): CodeIgniter\CodeIgniter->handleRequest(NULL, Object(Config\Cache), false)
#6 D:\xampp\htdocs\ReservasiZoom\public\index.php(45): CodeIgniter\CodeIgniter->run()
#7 D:\xampp\htdocs\ReservasiZoom\vendor\codeigniter4\framework\system\Commands\Server\rewrite.php(34): require_once('D:\\xampp\\htdocs...')
#8 {main}
CRITICAL - 2021-01-23 06:24:10 --> Illegal string offset 'idUser'
#0 D:\xampp\htdocs\ReservasiZoom\app\Views\reservasi\xxdetail.php(31): CodeIgniter\Debug\Exceptions->errorHandler(2, 'Illegal string ...', 'D:\\xampp\\htdocs...', 31, Array)
#1 D:\xampp\htdocs\ReservasiZoom\vendor\codeigniter4\framework\system\View\View.php(246): include('D:\\xampp\\htdocs...')
#2 D:\xampp\htdocs\ReservasiZoom\vendor\codeigniter4\framework\system\Common.php(1119): CodeIgniter\View\View->render('reservasi/xxdet...', Array, true)
#3 D:\xampp\htdocs\ReservasiZoom\app\Controllers\Reservasi.php(47): view('reservasi/xxdet...', Array)
#4 D:\xampp\htdocs\ReservasiZoom\vendor\codeigniter4\framework\system\CodeIgniter.php(918): App\Controllers\Reservasi->detail('magang-pemrogra...')
#5 D:\xampp\htdocs\ReservasiZoom\vendor\codeigniter4\framework\system\CodeIgniter.php(404): CodeIgniter\CodeIgniter->runController(Object(App\Controllers\Reservasi))
#6 D:\xampp\htdocs\ReservasiZoom\vendor\codeigniter4\framework\system\CodeIgniter.php(312): CodeIgniter\CodeIgniter->handleRequest(NULL, Object(Config\Cache), false)
#7 D:\xampp\htdocs\ReservasiZoom\public\index.php(45): CodeIgniter\CodeIgniter->run()
#8 D:\xampp\htdocs\ReservasiZoom\vendor\codeigniter4\framework\system\Commands\Server\rewrite.php(34): require_once('D:\\xampp\\htdocs...')
#9 {main}
CRITICAL - 2021-01-23 06:26:16 --> Illegal string offset 'idUser'
#0 D:\xampp\htdocs\ReservasiZoom\app\Views\reservasi\xxdetail.php(30): CodeIgniter\Debug\Exceptions->errorHandler(2, 'Illegal string ...', 'D:\\xampp\\htdocs...', 30, Array)
#1 D:\xampp\htdocs\ReservasiZoom\vendor\codeigniter4\framework\system\View\View.php(246): include('D:\\xampp\\htdocs...')
#2 D:\xampp\htdocs\ReservasiZoom\vendor\codeigniter4\framework\system\Common.php(1119): CodeIgniter\View\View->render('reservasi/xxdet...', Array, true)
#3 D:\xampp\htdocs\ReservasiZoom\app\Controllers\Reservasi.php(47): view('reservasi/xxdet...', Array)
#4 D:\xampp\htdocs\ReservasiZoom\vendor\codeigniter4\framework\system\CodeIgniter.php(918): App\Controllers\Reservasi->detail('magang-pemrogra...')
#5 D:\xampp\htdocs\ReservasiZoom\vendor\codeigniter4\framework\system\CodeIgniter.php(404): CodeIgniter\CodeIgniter->runController(Object(App\Controllers\Reservasi))
#6 D:\xampp\htdocs\ReservasiZoom\vendor\codeigniter4\framework\system\CodeIgniter.php(312): CodeIgniter\CodeIgniter->handleRequest(NULL, Object(Config\Cache), false)
#7 D:\xampp\htdocs\ReservasiZoom\public\index.php(45): CodeIgniter\CodeIgniter->run()
#8 D:\xampp\htdocs\ReservasiZoom\vendor\codeigniter4\framework\system\Commands\Server\rewrite.php(34): require_once('D:\\xampp\\htdocs...')
#9 {main}
CRITICAL - 2021-01-23 06:26:20 --> Illegal string offset 'idUser'
#0 D:\xampp\htdocs\ReservasiZoom\app\Views\reservasi\xxdetail.php(30): CodeIgniter\Debug\Exceptions->errorHandler(2, 'Illegal string ...', 'D:\\xampp\\htdocs...', 30, Array)
#1 D:\xampp\htdocs\ReservasiZoom\vendor\codeigniter4\framework\system\View\View.php(246): include('D:\\xampp\\htdocs...')
#2 D:\xampp\htdocs\ReservasiZoom\vendor\codeigniter4\framework\system\Common.php(1119): CodeIgniter\View\View->render('reservasi/xxdet...', Array, true)
#3 D:\xampp\htdocs\ReservasiZoom\app\Controllers\Reservasi.php(47): view('reservasi/xxdet...', Array)
#4 D:\xampp\htdocs\ReservasiZoom\vendor\codeigniter4\framework\system\CodeIgniter.php(918): App\Controllers\Reservasi->detail('magang-pemrogra...')
#5 D:\xampp\htdocs\ReservasiZoom\vendor\codeigniter4\framework\system\CodeIgniter.php(404): CodeIgniter\CodeIgniter->runController(Object(App\Controllers\Reservasi))
#6 D:\xampp\htdocs\ReservasiZoom\vendor\codeigniter4\framework\system\CodeIgniter.php(312): CodeIgniter\CodeIgniter->handleRequest(NULL, Object(Config\Cache), false)
#7 D:\xampp\htdocs\ReservasiZoom\public\index.php(45): CodeIgniter\CodeIgniter->run()
#8 D:\xampp\htdocs\ReservasiZoom\vendor\codeigniter4\framework\system\Commands\Server\rewrite.php(34): require_once('D:\\xampp\\htdocs...')
#9 {main}
CRITICAL - 2021-01-23 06:27:27 --> Illegal string offset 'idUser'
#0 D:\xampp\htdocs\ReservasiZoom\app\Views\reservasi\xxdetail.php(30): CodeIgniter\Debug\Exceptions->errorHandler(2, 'Illegal string ...', 'D:\\xampp\\htdocs...', 30, Array)
#1 D:\xampp\htdocs\ReservasiZoom\vendor\codeigniter4\framework\system\View\View.php(246): include('D:\\xampp\\htdocs...')
#2 D:\xampp\htdocs\ReservasiZoom\vendor\codeigniter4\framework\system\Common.php(1119): CodeIgniter\View\View->render('reservasi/xxdet...', Array, true)
#3 D:\xampp\htdocs\ReservasiZoom\app\Controllers\Reservasi.php(47): view('reservasi/xxdet...', Array)
#4 D:\xampp\htdocs\ReservasiZoom\vendor\codeigniter4\framework\system\CodeIgniter.php(918): App\Controllers\Reservasi->detail('magang-pemrogra...')
#5 D:\xampp\htdocs\ReservasiZoom\vendor\codeigniter4\framework\system\CodeIgniter.php(404): CodeIgniter\CodeIgniter->runController(Object(App\Controllers\Reservasi))
#6 D:\xampp\htdocs\ReservasiZoom\vendor\codeigniter4\framework\system\CodeIgniter.php(312): CodeIgniter\CodeIgniter->handleRequest(NULL, Object(Config\Cache), false)
#7 D:\xampp\htdocs\ReservasiZoom\public\index.php(45): CodeIgniter\CodeIgniter->run()
#8 D:\xampp\htdocs\ReservasiZoom\vendor\codeigniter4\framework\system\Commands\Server\rewrite.php(34): require_once('D:\\xampp\\htdocs...')
#9 {main}
CRITICAL - 2021-01-23 06:27:29 --> Illegal string offset 'idUser'
#0 D:\xampp\htdocs\ReservasiZoom\app\Views\reservasi\xxdetail.php(30): CodeIgniter\Debug\Exceptions->errorHandler(2, 'Illegal string ...', 'D:\\xampp\\htdocs...', 30, Array)
#1 D:\xampp\htdocs\ReservasiZoom\vendor\codeigniter4\framework\system\View\View.php(246): include('D:\\xampp\\htdocs...')
#2 D:\xampp\htdocs\ReservasiZoom\vendor\codeigniter4\framework\system\Common.php(1119): CodeIgniter\View\View->render('reservasi/xxdet...', Array, true)
#3 D:\xampp\htdocs\ReservasiZoom\app\Controllers\Reservasi.php(47): view('reservasi/xxdet...', Array)
#4 D:\xampp\htdocs\ReservasiZoom\vendor\codeigniter4\framework\system\CodeIgniter.php(918): App\Controllers\Reservasi->detail('magang-pemrogra...')
#5 D:\xampp\htdocs\ReservasiZoom\vendor\codeigniter4\framework\system\CodeIgniter.php(404): CodeIgniter\CodeIgniter->runController(Object(App\Controllers\Reservasi))
#6 D:\xampp\htdocs\ReservasiZoom\vendor\codeigniter4\framework\system\CodeIgniter.php(312): CodeIgniter\CodeIgniter->handleRequest(NULL, Object(Config\Cache), false)
#7 D:\xampp\htdocs\ReservasiZoom\public\index.php(45): CodeIgniter\CodeIgniter->run()
#8 D:\xampp\htdocs\ReservasiZoom\vendor\codeigniter4\framework\system\Commands\Server\rewrite.php(34): require_once('D:\\xampp\\htdocs...')
#9 {main}
CRITICAL - 2021-01-23 06:27:36 --> Illegal string offset 'idUser'
#0 D:\xampp\htdocs\ReservasiZoom\app\Views\reservasi\xxdetail.php(30): CodeIgniter\Debug\Exceptions->errorHandler(2, 'Illegal string ...', 'D:\\xampp\\htdocs...', 30, Array)
#1 D:\xampp\htdocs\ReservasiZoom\vendor\codeigniter4\framework\system\View\View.php(246): include('D:\\xampp\\htdocs...')
#2 D:\xampp\htdocs\ReservasiZoom\vendor\codeigniter4\framework\system\Common.php(1119): CodeIgniter\View\View->render('reservasi/xxdet...', Array, true)
#3 D:\xampp\htdocs\ReservasiZoom\app\Controllers\Reservasi.php(47): view('reservasi/xxdet...', Array)
#4 D:\xampp\htdocs\ReservasiZoom\vendor\codeigniter4\framework\system\CodeIgniter.php(918): App\Controllers\Reservasi->detail('magang-pemrogra...')
#5 D:\xampp\htdocs\ReservasiZoom\vendor\codeigniter4\framework\system\CodeIgniter.php(404): CodeIgniter\CodeIgniter->runController(Object(App\Controllers\Reservasi))
#6 D:\xampp\htdocs\ReservasiZoom\vendor\codeigniter4\framework\system\CodeIgniter.php(312): CodeIgniter\CodeIgniter->handleRequest(NULL, Object(Config\Cache), false)
#7 D:\xampp\htdocs\ReservasiZoom\public\index.php(45): CodeIgniter\CodeIgniter->run()
#8 D:\xampp\htdocs\ReservasiZoom\vendor\codeigniter4\framework\system\Commands\Server\rewrite.php(34): require_once('D:\\xampp\\htdocs...')
#9 {main}
CRITICAL - 2021-01-23 06:39:09 --> Illegal string offset 'idUser'
#0 D:\xampp\htdocs\ReservasiZoom\app\Views\reservasi\xxdetail.php(30): CodeIgniter\Debug\Exceptions->errorHandler(2, 'Illegal string ...', 'D:\\xampp\\htdocs...', 30, Array)
#1 D:\xampp\htdocs\ReservasiZoom\vendor\codeigniter4\framework\system\View\View.php(246): include('D:\\xampp\\htdocs...')
#2 D:\xampp\htdocs\ReservasiZoom\vendor\codeigniter4\framework\system\Common.php(1119): CodeIgniter\View\View->render('reservasi/xxdet...', Array, true)
#3 D:\xampp\htdocs\ReservasiZoom\app\Controllers\Reservasi.php(47): view('reservasi/xxdet...', Array)
#4 D:\xampp\htdocs\ReservasiZoom\vendor\codeigniter4\framework\system\CodeIgniter.php(918): App\Controllers\Reservasi->detail('magang-pemrogra...')
#5 D:\xampp\htdocs\ReservasiZoom\vendor\codeigniter4\framework\system\CodeIgniter.php(404): CodeIgniter\CodeIgniter->runController(Object(App\Controllers\Reservasi))
#6 D:\xampp\htdocs\ReservasiZoom\vendor\codeigniter4\framework\system\CodeIgniter.php(312): CodeIgniter\CodeIgniter->handleRequest(NULL, Object(Config\Cache), false)
#7 D:\xampp\htdocs\ReservasiZoom\public\index.php(45): CodeIgniter\CodeIgniter->run()
#8 D:\xampp\htdocs\ReservasiZoom\vendor\codeigniter4\framework\system\Commands\Server\rewrite.php(34): require_once('D:\\xampp\\htdocs...')
#9 {main}
CRITICAL - 2021-01-23 06:40:56 --> Array to string conversion
#0 D:\xampp\htdocs\ReservasiZoom\app\Controllers\Reservasi.php(44): CodeIgniter\Debug\Exceptions->errorHandler(8, 'Array to string...', 'D:\\xampp\\htdocs...', 44, Array)
#1 D:\xampp\htdocs\ReservasiZoom\vendor\codeigniter4\framework\system\CodeIgniter.php(918): App\Controllers\Reservasi->detail('magang-pemrogra...')
#2 D:\xampp\htdocs\ReservasiZoom\vendor\codeigniter4\framework\system\CodeIgniter.php(404): CodeIgniter\CodeIgniter->runController(Object(App\Controllers\Reservasi))
#3 D:\xampp\htdocs\ReservasiZoom\vendor\codeigniter4\framework\system\CodeIgniter.php(312): CodeIgniter\CodeIgniter->handleRequest(NULL, Object(Config\Cache), false)
#4 D:\xampp\htdocs\ReservasiZoom\public\index.php(45): CodeIgniter\CodeIgniter->run()
#5 D:\xampp\htdocs\ReservasiZoom\vendor\codeigniter4\framework\system\Commands\Server\rewrite.php(34): require_once('D:\\xampp\\htdocs...')
#6 {main}
CRITICAL - 2021-01-23 06:41:47 --> Illegal string offset 'idUser'
#0 D:\xampp\htdocs\ReservasiZoom\app\Views\reservasi\xxdetail.php(30): CodeIgniter\Debug\Exceptions->errorHandler(2, 'Illegal string ...', 'D:\\xampp\\htdocs...', 30, Array)
#1 D:\xampp\htdocs\ReservasiZoom\vendor\codeigniter4\framework\system\View\View.php(246): include('D:\\xampp\\htdocs...')
#2 D:\xampp\htdocs\ReservasiZoom\vendor\codeigniter4\framework\system\Common.php(1119): CodeIgniter\View\View->render('reservasi/xxdet...', Array, true)
#3 D:\xampp\htdocs\ReservasiZoom\app\Controllers\Reservasi.php(47): view('reservasi/xxdet...', Array)
#4 D:\xampp\htdocs\ReservasiZoom\vendor\codeigniter4\framework\system\CodeIgniter.php(918): App\Controllers\Reservasi->detail('magang-pemrogra...')
#5 D:\xampp\htdocs\ReservasiZoom\vendor\codeigniter4\framework\system\CodeIgniter.php(404): CodeIgniter\CodeIgniter->runController(Object(App\Controllers\Reservasi))
#6 D:\xampp\htdocs\ReservasiZoom\vendor\codeigniter4\framework\system\CodeIgniter.php(312): CodeIgniter\CodeIgniter->handleRequest(NULL, Object(Config\Cache), false)
#7 D:\xampp\htdocs\ReservasiZoom\public\index.php(45): CodeIgniter\CodeIgniter->run()
#8 D:\xampp\htdocs\ReservasiZoom\vendor\codeigniter4\framework\system\Commands\Server\rewrite.php(34): require_once('D:\\xampp\\htdocs...')
#9 {main}
CRITICAL - 2021-01-23 06:45:15 --> syntax error, unexpected ')'
#0 D:\xampp\htdocs\ReservasiZoom\vendor\codeigniter4\framework\system\Common.php(1119): CodeIgniter\View\View->render('reservasi/xxdet...', Array, true)
#1 D:\xampp\htdocs\ReservasiZoom\app\Controllers\Reservasi.php(47): view('reservasi/xxdet...', Array)
#2 D:\xampp\htdocs\ReservasiZoom\vendor\codeigniter4\framework\system\CodeIgniter.php(918): App\Controllers\Reservasi->detail('magang-pemrogra...')
#3 D:\xampp\htdocs\ReservasiZoom\vendor\codeigniter4\framework\system\CodeIgniter.php(404): CodeIgniter\CodeIgniter->runController(Object(App\Controllers\Reservasi))
#4 D:\xampp\htdocs\ReservasiZoom\vendor\codeigniter4\framework\system\CodeIgniter.php(312): CodeIgniter\CodeIgniter->handleRequest(NULL, Object(Config\Cache), false)
#5 D:\xampp\htdocs\ReservasiZoom\public\index.php(45): CodeIgniter\CodeIgniter->run()
#6 D:\xampp\htdocs\ReservasiZoom\vendor\codeigniter4\framework\system\Commands\Server\rewrite.php(34): require_once('D:\\xampp\\htdocs...')
#7 {main}
CRITICAL - 2021-01-23 07:54:36 --> Undefined variable: dr
#0 D:\xampp\htdocs\ReservasiZoom\app\Views\reservasi\index.php(7): CodeIgniter\Debug\Exceptions->errorHandler(8, 'Undefined varia...', 'D:\\xampp\\htdocs...', 7, Array)
#1 D:\xampp\htdocs\ReservasiZoom\vendor\codeigniter4\framework\system\View\View.php(246): include('D:\\xampp\\htdocs...')
#2 D:\xampp\htdocs\ReservasiZoom\vendor\codeigniter4\framework\system\Common.php(1119): CodeIgniter\View\View->render('reservasi/index', Array, true)
#3 D:\xampp\htdocs\ReservasiZoom\app\Controllers\Reservasi.php(37): view('reservasi/index', Array)
#4 D:\xampp\htdocs\ReservasiZoom\vendor\codeigniter4\framework\system\CodeIgniter.php(918): App\Controllers\Reservasi->index()
#5 D:\xampp\htdocs\ReservasiZoom\vendor\codeigniter4\framework\system\CodeIgniter.php(404): CodeIgniter\CodeIgniter->runController(Object(App\Controllers\Reservasi))
#6 D:\xampp\htdocs\ReservasiZoom\vendor\codeigniter4\framework\system\CodeIgniter.php(312): CodeIgniter\CodeIgniter->handleRequest(NULL, Object(Config\Cache), false)
#7 D:\xampp\htdocs\ReservasiZoom\public\index.php(45): CodeIgniter\CodeIgniter->run()
#8 D:\xampp\htdocs\ReservasiZoom\vendor\codeigniter4\framework\system\Commands\Server\rewrite.php(34): require_once('D:\\xampp\\htdocs...')
#9 {main}
CRITICAL - 2021-01-23 08:00:14 --> Trying to access array offset on value of type null
#0 D:\xampp\htdocs\ReservasiZoom\app\Views\reservasi\detail.php(29): CodeIgniter\Debug\Exceptions->errorHandler(8, 'Trying to acces...', 'D:\\xampp\\htdocs...', 29, Array)
#1 D:\xampp\htdocs\ReservasiZoom\vendor\codeigniter4\framework\system\View\View.php(246): include('D:\\xampp\\htdocs...')
#2 D:\xampp\htdocs\ReservasiZoom\vendor\codeigniter4\framework\system\Common.php(1119): CodeIgniter\View\View->render('reservasi/detai...', Array, true)
#3 D:\xampp\htdocs\ReservasiZoom\app\Controllers\Reservasi.php(47): view('reservasi/detai...', Array)
#4 D:\xampp\htdocs\ReservasiZoom\vendor\codeigniter4\framework\system\CodeIgniter.php(918): App\Controllers\Reservasi->detail('tambah')
#5 D:\xampp\htdocs\ReservasiZoom\vendor\codeigniter4\framework\system\CodeIgniter.php(404): CodeIgniter\CodeIgniter->runController(Object(App\Controllers\Reservasi))
#6 D:\xampp\htdocs\ReservasiZoom\vendor\codeigniter4\framework\system\CodeIgniter.php(312): CodeIgniter\CodeIgniter->handleRequest(NULL, Object(Config\Cache), false)
#7 D:\xampp\htdocs\ReservasiZoom\public\index.php(45): CodeIgniter\CodeIgniter->run()
#8 D:\xampp\htdocs\ReservasiZoom\vendor\codeigniter4\framework\system\Commands\Server\rewrite.php(34): require_once('D:\\xampp\\htdocs...')
#9 {main}
CRITICAL - 2021-01-23 08:01:04 --> Trying to access array offset on value of type null
#0 D:\xampp\htdocs\ReservasiZoom\app\Views\reservasi\detail.php(29): CodeIgniter\Debug\Exceptions->errorHandler(8, 'Trying to acces...', 'D:\\xampp\\htdocs...', 29, Array)
#1 D:\xampp\htdocs\ReservasiZoom\vendor\codeigniter4\framework\system\View\View.php(246): include('D:\\xampp\\htdocs...')
#2 D:\xampp\htdocs\ReservasiZoom\vendor\codeigniter4\framework\system\Common.php(1119): CodeIgniter\View\View->render('reservasi/detai...', Array, true)
#3 D:\xampp\htdocs\ReservasiZoom\app\Controllers\Reservasi.php(47): view('reservasi/detai...', Array)
#4 D:\xampp\htdocs\ReservasiZoom\vendor\codeigniter4\framework\system\CodeIgniter.php(918): App\Controllers\Reservasi->detail('tambah')
#5 D:\xampp\htdocs\ReservasiZoom\vendor\codeigniter4\framework\system\CodeIgniter.php(404): CodeIgniter\CodeIgniter->runController(Object(App\Controllers\Reservasi))
#6 D:\xampp\htdocs\ReservasiZoom\vendor\codeigniter4\framework\system\CodeIgniter.php(312): CodeIgniter\CodeIgniter->handleRequest(NULL, Object(Config\Cache), false)
#7 D:\xampp\htdocs\ReservasiZoom\public\index.php(45): CodeIgniter\CodeIgniter->run()
#8 D:\xampp\htdocs\ReservasiZoom\vendor\codeigniter4\framework\system\Commands\Server\rewrite.php(34): require_once('D:\\xampp\\htdocs...')
#9 {main}
CRITICAL - 2021-01-23 08:01:08 --> Trying to access array offset on value of type null
#0 D:\xampp\htdocs\ReservasiZoom\app\Views\reservasi\detail.php(29): CodeIgniter\Debug\Exceptions->errorHandler(8, 'Trying to acces...', 'D:\\xampp\\htdocs...', 29, Array)
#1 D:\xampp\htdocs\ReservasiZoom\vendor\codeigniter4\framework\system\View\View.php(246): include('D:\\xampp\\htdocs...')
#2 D:\xampp\htdocs\ReservasiZoom\vendor\codeigniter4\framework\system\Common.php(1119): CodeIgniter\View\View->render('reservasi/detai...', Array, true)
#3 D:\xampp\htdocs\ReservasiZoom\app\Controllers\Reservasi.php(47): view('reservasi/detai...', Array)
#4 D:\xampp\htdocs\ReservasiZoom\vendor\codeigniter4\framework\system\CodeIgniter.php(918): App\Controllers\Reservasi->detail('tambah')
#5 D:\xampp\htdocs\ReservasiZoom\vendor\codeigniter4\framework\system\CodeIgniter.php(404): CodeIgniter\CodeIgniter->runController(Object(App\Controllers\Reservasi))
#6 D:\xampp\htdocs\ReservasiZoom\vendor\codeigniter4\framework\system\CodeIgniter.php(312): CodeIgniter\CodeIgniter->handleRequest(NULL, Object(Config\Cache), false)
#7 D:\xampp\htdocs\ReservasiZoom\public\index.php(45): CodeIgniter\CodeIgniter->run()
#8 D:\xampp\htdocs\ReservasiZoom\vendor\codeigniter4\framework\system\Commands\Server\rewrite.php(34): require_once('D:\\xampp\\htdocs...')
#9 {main}
CRITICAL - 2021-01-23 08:01:28 --> Trying to access array offset on value of type null
#0 D:\xampp\htdocs\ReservasiZoom\app\Views\reservasi\detail.php(29): CodeIgniter\Debug\Exceptions->errorHandler(8, 'Trying to acces...', 'D:\\xampp\\htdocs...', 29, Array)
#1 D:\xampp\htdocs\ReservasiZoom\vendor\codeigniter4\framework\system\View\View.php(246): include('D:\\xampp\\htdocs...')
#2 D:\xampp\htdocs\ReservasiZoom\vendor\codeigniter4\framework\system\Common.php(1119): CodeIgniter\View\View->render('reservasi/detai...', Array, true)
#3 D:\xampp\htdocs\ReservasiZoom\app\Controllers\Reservasi.php(47): view('reservasi/detai...', Array)
#4 D:\xampp\htdocs\ReservasiZoom\vendor\codeigniter4\framework\system\CodeIgniter.php(918): App\Controllers\Reservasi->detail('tambah')
#5 D:\xampp\htdocs\ReservasiZoom\vendor\codeigniter4\framework\system\CodeIgniter.php(404): CodeIgniter\CodeIgniter->runController(Object(App\Controllers\Reservasi))
#6 D:\xampp\htdocs\ReservasiZoom\vendor\codeigniter4\framework\system\CodeIgniter.php(312): CodeIgniter\CodeIgniter->handleRequest(NULL, Object(Config\Cache), false)
#7 D:\xampp\htdocs\ReservasiZoom\public\index.php(45): CodeIgniter\CodeIgniter->run()
#8 D:\xampp\htdocs\ReservasiZoom\vendor\codeigniter4\framework\system\Commands\Server\rewrite.php(34): require_once('D:\\xampp\\htdocs...')
#9 {main}
CRITICAL - 2021-01-23 08:02:54 --> Trying to access array offset on value of type null
#0 D:\xampp\htdocs\ReservasiZoom\app\Views\reservasi\detail.php(29): CodeIgniter\Debug\Exceptions->errorHandler(8, 'Trying to acces...', 'D:\\xampp\\htdocs...', 29, Array)
#1 D:\xampp\htdocs\ReservasiZoom\vendor\codeigniter4\framework\system\View\View.php(246): include('D:\\xampp\\htdocs...')
#2 D:\xampp\htdocs\ReservasiZoom\vendor\codeigniter4\framework\system\Common.php(1119): CodeIgniter\View\View->render('reservasi/detai...', Array, true)
#3 D:\xampp\htdocs\ReservasiZoom\app\Controllers\Reservasi.php(47): view('reservasi/detai...', Array)
#4 D:\xampp\htdocs\ReservasiZoom\vendor\codeigniter4\framework\system\CodeIgniter.php(918): App\Controllers\Reservasi->detail('tambah')
#5 D:\xampp\htdocs\ReservasiZoom\vendor\codeigniter4\framework\system\CodeIgniter.php(404): CodeIgniter\CodeIgniter->runController(Object(App\Controllers\Reservasi))
#6 D:\xampp\htdocs\ReservasiZoom\vendor\codeigniter4\framework\system\CodeIgniter.php(312): CodeIgniter\CodeIgniter->handleRequest(NULL, Object(Config\Cache), false)
#7 D:\xampp\htdocs\ReservasiZoom\public\index.php(45): CodeIgniter\CodeIgniter->run()
#8 D:\xampp\htdocs\ReservasiZoom\vendor\codeigniter4\framework\system\Commands\Server\rewrite.php(34): require_once('D:\\xampp\\htdocs...')
#9 {main}
CRITICAL - 2021-01-23 08:03:53 --> Trying to access array offset on value of type null
#0 D:\xampp\htdocs\ReservasiZoom\app\Views\reservasi\detail.php(29): CodeIgniter\Debug\Exceptions->errorHandler(8, 'Trying to acces...', 'D:\\xampp\\htdocs...', 29, Array)
#1 D:\xampp\htdocs\ReservasiZoom\vendor\codeigniter4\framework\system\View\View.php(246): include('D:\\xampp\\htdocs...')
#2 D:\xampp\htdocs\ReservasiZoom\vendor\codeigniter4\framework\system\Common.php(1119): CodeIgniter\View\View->render('reservasi/detai...', Array, true)
#3 D:\xampp\htdocs\ReservasiZoom\app\Controllers\Reservasi.php(47): view('reservasi/detai...', Array)
#4 D:\xampp\htdocs\ReservasiZoom\vendor\codeigniter4\framework\system\CodeIgniter.php(918): App\Controllers\Reservasi->detail('tambah')
#5 D:\xampp\htdocs\ReservasiZoom\vendor\codeigniter4\framework\system\CodeIgniter.php(404): CodeIgniter\CodeIgniter->runController(Object(App\Controllers\Reservasi))
#6 D:\xampp\htdocs\ReservasiZoom\vendor\codeigniter4\framework\system\CodeIgniter.php(312): CodeIgniter\CodeIgniter->handleRequest(NULL, Object(Config\Cache), false)
#7 D:\xampp\htdocs\ReservasiZoom\public\index.php(45): CodeIgniter\CodeIgniter->run()
#8 D:\xampp\htdocs\ReservasiZoom\vendor\codeigniter4\framework\system\Commands\Server\rewrite.php(34): require_once('D:\\xampp\\htdocs...')
#9 {main}
CRITICAL - 2021-01-23 08:08:08 --> Trying to access array offset on value of type null
#0 D:\xampp\htdocs\ReservasiZoom\app\Views\reservasi\detail.php(29): CodeIgniter\Debug\Exceptions->errorHandler(8, 'Trying to acces...', 'D:\\xampp\\htdocs...', 29, Array)
#1 D:\xampp\htdocs\ReservasiZoom\vendor\codeigniter4\framework\system\View\View.php(246): include('D:\\xampp\\htdocs...')
#2 D:\xampp\htdocs\ReservasiZoom\vendor\codeigniter4\framework\system\Common.php(1119): CodeIgniter\View\View->render('reservasi/detai...', Array, true)
#3 D:\xampp\htdocs\ReservasiZoom\app\Controllers\Reservasi.php(47): view('reservasi/detai...', Array)
#4 D:\xampp\htdocs\ReservasiZoom\vendor\codeigniter4\framework\system\CodeIgniter.php(918): App\Controllers\Reservasi->detail('tambah')
#5 D:\xampp\htdocs\ReservasiZoom\vendor\codeigniter4\framework\system\CodeIgniter.php(404): CodeIgniter\CodeIgniter->runController(Object(App\Controllers\Reservasi))
#6 D:\xampp\htdocs\ReservasiZoom\vendor\codeigniter4\framework\system\CodeIgniter.php(312): CodeIgniter\CodeIgniter->handleRequest(NULL, Object(Config\Cache), false)
#7 D:\xampp\htdocs\ReservasiZoom\public\index.php(45): CodeIgniter\CodeIgniter->run()
#8 D:\xampp\htdocs\ReservasiZoom\vendor\codeigniter4\framework\system\Commands\Server\rewrite.php(34): require_once('D:\\xampp\\htdocs...')
#9 {main}
