CRITICAL - 2021-02-05 10:24:41 --> Undefined variable: csrf_field
#0 D:\xampp\htdocs\ReservasiZoom\app\Views\reservasi\tambah.php(28): CodeIgniter\Debug\Exceptions->errorHandler(8, 'Undefined varia...', 'D:\\xampp\\htdocs...', 28, Array)
#1 D:\xampp\htdocs\ReservasiZoom\vendor\codeigniter4\framework\system\View\View.php(246): include('D:\\xampp\\htdocs...')
#2 D:\xampp\htdocs\ReservasiZoom\vendor\codeigniter4\framework\system\Common.php(1119): CodeIgniter\View\View->render('reservasi/tamba...', Array, true)
#3 D:\xampp\htdocs\ReservasiZoom\app\Controllers\Reservasi.php(57): view('reservasi/tamba...', Array)
#4 D:\xampp\htdocs\ReservasiZoom\vendor\codeigniter4\framework\system\CodeIgniter.php(918): App\Controllers\Reservasi->tambah()
#5 D:\xampp\htdocs\ReservasiZoom\vendor\codeigniter4\framework\system\CodeIgniter.php(404): CodeIgniter\CodeIgniter->runController(Object(App\Controllers\Reservasi))
#6 D:\xampp\htdocs\ReservasiZoom\vendor\codeigniter4\framework\system\CodeIgniter.php(312): CodeIgniter\CodeIgniter->handleRequest(NULL, Object(Config\Cache), false)
#7 D:\xampp\htdocs\ReservasiZoom\public\index.php(45): CodeIgniter\CodeIgniter->run()
#8 D:\xampp\htdocs\ReservasiZoom\vendor\codeigniter4\framework\system\Commands\Server\rewrite.php(34): require_once('D:\\xampp\\htdocs...')
#9 {main}
CRITICAL - 2021-02-05 10:25:07 --> Undefined variable: csrf_field
#0 D:\xampp\htdocs\ReservasiZoom\app\Views\reservasi\tambah.php(28): CodeIgniter\Debug\Exceptions->errorHandler(8, 'Undefined varia...', 'D:\\xampp\\htdocs...', 28, Array)
#1 D:\xampp\htdocs\ReservasiZoom\vendor\codeigniter4\framework\system\View\View.php(246): include('D:\\xampp\\htdocs...')
#2 D:\xampp\htdocs\ReservasiZoom\vendor\codeigniter4\framework\system\Common.php(1119): CodeIgniter\View\View->render('reservasi/tamba...', Array, true)
#3 D:\xampp\htdocs\ReservasiZoom\app\Controllers\Reservasi.php(57): view('reservasi/tamba...', Array)
#4 D:\xampp\htdocs\ReservasiZoom\vendor\codeigniter4\framework\system\CodeIgniter.php(918): App\Controllers\Reservasi->tambah()
#5 D:\xampp\htdocs\ReservasiZoom\vendor\codeigniter4\framework\system\CodeIgniter.php(404): CodeIgniter\CodeIgniter->runController(Object(App\Controllers\Reservasi))
#6 D:\xampp\htdocs\ReservasiZoom\vendor\codeigniter4\framework\system\CodeIgniter.php(312): CodeIgniter\CodeIgniter->handleRequest(NULL, Object(Config\Cache), false)
#7 D:\xampp\htdocs\ReservasiZoom\public\index.php(45): CodeIgniter\CodeIgniter->run()
#8 D:\xampp\htdocs\ReservasiZoom\vendor\codeigniter4\framework\system\Commands\Server\rewrite.php(34): require_once('D:\\xampp\\htdocs...')
#9 {main}
CRITICAL - 2021-02-05 10:42:53 --> syntax error, unexpected '$data' (T_VARIABLE)
#0 D:\xampp\htdocs\ReservasiZoom\vendor\codeigniter4\framework\system\Router\Router.php(195): CodeIgniter\Router\Router->autoRoute('reservasi')
#1 D:\xampp\htdocs\ReservasiZoom\vendor\codeigniter4\framework\system\CodeIgniter.php(793): CodeIgniter\Router\Router->handle('reservasi')
#2 D:\xampp\htdocs\ReservasiZoom\vendor\codeigniter4\framework\system\CodeIgniter.php(364): CodeIgniter\CodeIgniter->tryToRouteIt(Object(CodeIgniter\Router\RouteCollection))
#3 D:\xampp\htdocs\ReservasiZoom\vendor\codeigniter4\framework\system\CodeIgniter.php(312): CodeIgniter\CodeIgniter->handleRequest(NULL, Object(Config\Cache), false)
#4 D:\xampp\htdocs\ReservasiZoom\public\index.php(45): CodeIgniter\CodeIgniter->run()
#5 D:\xampp\htdocs\ReservasiZoom\vendor\codeigniter4\framework\system\Commands\Server\rewrite.php(34): require_once('D:\\xampp\\htdocs...')
#6 {main}
CRITICAL - 2021-02-05 10:42:58 --> syntax error, unexpected '$data' (T_VARIABLE)
#0 D:\xampp\htdocs\ReservasiZoom\vendor\codeigniter4\framework\system\Router\Router.php(195): CodeIgniter\Router\Router->autoRoute('reservasi')
#1 D:\xampp\htdocs\ReservasiZoom\vendor\codeigniter4\framework\system\CodeIgniter.php(793): CodeIgniter\Router\Router->handle('reservasi')
#2 D:\xampp\htdocs\ReservasiZoom\vendor\codeigniter4\framework\system\CodeIgniter.php(364): CodeIgniter\CodeIgniter->tryToRouteIt(Object(CodeIgniter\Router\RouteCollection))
#3 D:\xampp\htdocs\ReservasiZoom\vendor\codeigniter4\framework\system\CodeIgniter.php(312): CodeIgniter\CodeIgniter->handleRequest(NULL, Object(Config\Cache), false)
#4 D:\xampp\htdocs\ReservasiZoom\public\index.php(45): CodeIgniter\CodeIgniter->run()
#5 D:\xampp\htdocs\ReservasiZoom\vendor\codeigniter4\framework\system\Commands\Server\rewrite.php(34): require_once('D:\\xampp\\htdocs...')
#6 {main}
CRITICAL - 2021-02-05 10:47:21 --> Undefined property: CodeIgniter\HTTP\IncomingRequest::$getVar
#0 D:\xampp\htdocs\ReservasiZoom\app\Controllers\Reservasi.php(62): CodeIgniter\Debug\Exceptions->errorHandler(8, 'Undefined prope...', 'D:\\xampp\\htdocs...', 62, Array)
#1 D:\xampp\htdocs\ReservasiZoom\vendor\codeigniter4\framework\system\CodeIgniter.php(918): App\Controllers\Reservasi->save()
#2 D:\xampp\htdocs\ReservasiZoom\vendor\codeigniter4\framework\system\CodeIgniter.php(404): CodeIgniter\CodeIgniter->runController(Object(App\Controllers\Reservasi))
#3 D:\xampp\htdocs\ReservasiZoom\vendor\codeigniter4\framework\system\CodeIgniter.php(312): CodeIgniter\CodeIgniter->handleRequest(NULL, Object(Config\Cache), false)
#4 D:\xampp\htdocs\ReservasiZoom\public\index.php(45): CodeIgniter\CodeIgniter->run()
#5 D:\xampp\htdocs\ReservasiZoom\vendor\codeigniter4\framework\system\Commands\Server\rewrite.php(34): require_once('D:\\xampp\\htdocs...')
#6 {main}
CRITICAL - 2021-02-05 11:28:06 --> Trying to access array offset on value of type null
#0 D:\xampp\htdocs\ReservasiZoom\app\Views\reservasi\detail.php(29): CodeIgniter\Debug\Exceptions->errorHandler(8, 'Trying to acces...', 'D:\\xampp\\htdocs...', 29, Array)
#1 D:\xampp\htdocs\ReservasiZoom\vendor\codeigniter4\framework\system\View\View.php(246): include('D:\\xampp\\htdocs...')
#2 D:\xampp\htdocs\ReservasiZoom\vendor\codeigniter4\framework\system\Common.php(1119): CodeIgniter\View\View->render('reservasi/detai...', Array, true)
#3 D:\xampp\htdocs\ReservasiZoom\app\Controllers\Reservasi.php(47): view('reservasi/detai...', Array)
#4 D:\xampp\htdocs\ReservasiZoom\vendor\codeigniter4\framework\system\CodeIgniter.php(918): App\Controllers\Reservasi->detail('tes')
#5 D:\xampp\htdocs\ReservasiZoom\vendor\codeigniter4\framework\system\CodeIgniter.php(404): CodeIgniter\CodeIgniter->runController(Object(App\Controllers\Reservasi))
#6 D:\xampp\htdocs\ReservasiZoom\vendor\codeigniter4\framework\system\CodeIgniter.php(312): CodeIgniter\CodeIgniter->handleRequest(NULL, Object(Config\Cache), false)
#7 D:\xampp\htdocs\ReservasiZoom\public\index.php(45): CodeIgniter\CodeIgniter->run()
#8 D:\xampp\htdocs\ReservasiZoom\vendor\codeigniter4\framework\system\Commands\Server\rewrite.php(34): require_once('D:\\xampp\\htdocs...')
#9 {main}
CRITICAL - 2021-02-05 11:29:16 --> Trying to access array offset on value of type null
#0 D:\xampp\htdocs\ReservasiZoom\app\Views\reservasi\detail.php(29): CodeIgniter\Debug\Exceptions->errorHandler(8, 'Trying to acces...', 'D:\\xampp\\htdocs...', 29, Array)
#1 D:\xampp\htdocs\ReservasiZoom\vendor\codeigniter4\framework\system\View\View.php(246): include('D:\\xampp\\htdocs...')
#2 D:\xampp\htdocs\ReservasiZoom\vendor\codeigniter4\framework\system\Common.php(1119): CodeIgniter\View\View->render('reservasi/detai...', Array, true)
#3 D:\xampp\htdocs\ReservasiZoom\app\Controllers\Reservasi.php(47): view('reservasi/detai...', Array)
#4 D:\xampp\htdocs\ReservasiZoom\vendor\codeigniter4\framework\system\CodeIgniter.php(918): App\Controllers\Reservasi->detail('save')
#5 D:\xampp\htdocs\ReservasiZoom\vendor\codeigniter4\framework\system\CodeIgniter.php(404): CodeIgniter\CodeIgniter->runController(Object(App\Controllers\Reservasi))
#6 D:\xampp\htdocs\ReservasiZoom\vendor\codeigniter4\framework\system\CodeIgniter.php(312): CodeIgniter\CodeIgniter->handleRequest(NULL, Object(Config\Cache), false)
#7 D:\xampp\htdocs\ReservasiZoom\public\index.php(45): CodeIgniter\CodeIgniter->run()
#8 D:\xampp\htdocs\ReservasiZoom\vendor\codeigniter4\framework\system\Commands\Server\rewrite.php(34): require_once('D:\\xampp\\htdocs...')
#9 {main}
CRITICAL - 2021-02-05 11:43:26 --> syntax error, unexpected 'return' (T_RETURN)
#0 D:\xampp\htdocs\ReservasiZoom\vendor\codeigniter4\framework\system\Autoloader\Autoloader.php(296): CodeIgniter\Autoloader\Autoloader->requireFile('D:\\xampp\\htdocs...')
#1 D:\xampp\htdocs\ReservasiZoom\vendor\codeigniter4\framework\system\Autoloader\Autoloader.php(258): CodeIgniter\Autoloader\Autoloader->loadInNamespace('App\\Controllers...')
#2 [internal function]: CodeIgniter\Autoloader\Autoloader->loadClass('App\\Controllers...')
#3 [internal function]: spl_autoload_call('App\\Controllers...')
#4 D:\xampp\htdocs\ReservasiZoom\vendor\codeigniter4\framework\system\CodeIgniter.php(869): class_exists('\\App\\Controller...', true)
#5 D:\xampp\htdocs\ReservasiZoom\vendor\codeigniter4\framework\system\CodeIgniter.php(394): CodeIgniter\CodeIgniter->startController()
#6 D:\xampp\htdocs\ReservasiZoom\vendor\codeigniter4\framework\system\CodeIgniter.php(312): CodeIgniter\CodeIgniter->handleRequest(NULL, Object(Config\Cache), false)
#7 D:\xampp\htdocs\ReservasiZoom\public\index.php(45): CodeIgniter\CodeIgniter->run()
#8 D:\xampp\htdocs\ReservasiZoom\vendor\codeigniter4\framework\system\Commands\Server\rewrite.php(34): require_once('D:\\xampp\\htdocs...')
#9 {main}
CRITICAL - 2021-02-05 11:43:28 --> syntax error, unexpected 'return' (T_RETURN)
#0 D:\xampp\htdocs\ReservasiZoom\vendor\codeigniter4\framework\system\Router\Router.php(195): CodeIgniter\Router\Router->autoRoute('reservasi')
#1 D:\xampp\htdocs\ReservasiZoom\vendor\codeigniter4\framework\system\CodeIgniter.php(793): CodeIgniter\Router\Router->handle('reservasi')
#2 D:\xampp\htdocs\ReservasiZoom\vendor\codeigniter4\framework\system\CodeIgniter.php(364): CodeIgniter\CodeIgniter->tryToRouteIt(Object(CodeIgniter\Router\RouteCollection))
#3 D:\xampp\htdocs\ReservasiZoom\vendor\codeigniter4\framework\system\CodeIgniter.php(312): CodeIgniter\CodeIgniter->handleRequest(NULL, Object(Config\Cache), false)
#4 D:\xampp\htdocs\ReservasiZoom\public\index.php(45): CodeIgniter\CodeIgniter->run()
#5 D:\xampp\htdocs\ReservasiZoom\vendor\codeigniter4\framework\system\Commands\Server\rewrite.php(34): require_once('D:\\xampp\\htdocs...')
#6 {main}
CRITICAL - 2021-02-05 11:43:30 --> syntax error, unexpected 'return' (T_RETURN)
#0 D:\xampp\htdocs\ReservasiZoom\vendor\codeigniter4\framework\system\Router\Router.php(195): CodeIgniter\Router\Router->autoRoute('reservasi')
#1 D:\xampp\htdocs\ReservasiZoom\vendor\codeigniter4\framework\system\CodeIgniter.php(793): CodeIgniter\Router\Router->handle('reservasi')
#2 D:\xampp\htdocs\ReservasiZoom\vendor\codeigniter4\framework\system\CodeIgniter.php(364): CodeIgniter\CodeIgniter->tryToRouteIt(Object(CodeIgniter\Router\RouteCollection))
#3 D:\xampp\htdocs\ReservasiZoom\vendor\codeigniter4\framework\system\CodeIgniter.php(312): CodeIgniter\CodeIgniter->handleRequest(NULL, Object(Config\Cache), false)
#4 D:\xampp\htdocs\ReservasiZoom\public\index.php(45): CodeIgniter\CodeIgniter->run()
#5 D:\xampp\htdocs\ReservasiZoom\vendor\codeigniter4\framework\system\Commands\Server\rewrite.php(34): require_once('D:\\xampp\\htdocs...')
#6 {main}
CRITICAL - 2021-02-05 11:47:41 --> Allowed fields must be specified for model: App\Models\ReservasiModel
#0 D:\xampp\htdocs\ReservasiZoom\vendor\codeigniter4\framework\system\Model.php(1265): CodeIgniter\Database\Exceptions\DataException::forInvalidAllowedFields('App\\Models\\Rese...')
#1 D:\xampp\htdocs\ReservasiZoom\vendor\codeigniter4\framework\system\Model.php(735): CodeIgniter\Model->doProtectFields(Array)
#2 D:\xampp\htdocs\ReservasiZoom\vendor\codeigniter4\framework\system\Model.php(574): CodeIgniter\Model->insert(Array, false)
#3 D:\xampp\htdocs\ReservasiZoom\app\Controllers\Reservasi.php(74): CodeIgniter\Model->save(Array)
#4 D:\xampp\htdocs\ReservasiZoom\vendor\codeigniter4\framework\system\CodeIgniter.php(918): App\Controllers\Reservasi->save()
#5 D:\xampp\htdocs\ReservasiZoom\vendor\codeigniter4\framework\system\CodeIgniter.php(404): CodeIgniter\CodeIgniter->runController(Object(App\Controllers\Reservasi))
#6 D:\xampp\htdocs\ReservasiZoom\vendor\codeigniter4\framework\system\CodeIgniter.php(312): CodeIgniter\CodeIgniter->handleRequest(NULL, Object(Config\Cache), false)
#7 D:\xampp\htdocs\ReservasiZoom\public\index.php(45): CodeIgniter\CodeIgniter->run()
#8 D:\xampp\htdocs\ReservasiZoom\vendor\codeigniter4\framework\system\Commands\Server\rewrite.php(34): require_once('D:\\xampp\\htdocs...')
#9 {main}
CRITICAL - 2021-02-05 11:53:25 --> Cannot add or update a child row: a foreign key constraint fails (`reservasizoomftpub`.`data_reservasi`, CONSTRAINT `data_reservasi_ibfk_1` FOREIGN KEY (`idUser`) REFERENCES `data_user` (`idUser`))
#0 D:\xampp\htdocs\ReservasiZoom\vendor\codeigniter4\framework\system\Database\MySQLi\Connection.php(331): mysqli->query('INSERT INTO `da...')
#1 D:\xampp\htdocs\ReservasiZoom\vendor\codeigniter4\framework\system\Database\BaseConnection.php(741): CodeIgniter\Database\MySQLi\Connection->execute('INSERT INTO `da...')
#2 D:\xampp\htdocs\ReservasiZoom\vendor\codeigniter4\framework\system\Database\BaseConnection.php(669): CodeIgniter\Database\BaseConnection->simpleQuery('INSERT INTO `da...')
#3 D:\xampp\htdocs\ReservasiZoom\vendor\codeigniter4\framework\system\Database\BaseBuilder.php(2249): CodeIgniter\Database\BaseConnection->query('INSERT INTO `da...', Array, false)
#4 D:\xampp\htdocs\ReservasiZoom\vendor\codeigniter4\framework\system\Model.php(755): CodeIgniter\Database\BaseBuilder->insert()
#5 D:\xampp\htdocs\ReservasiZoom\vendor\codeigniter4\framework\system\Model.php(574): CodeIgniter\Model->insert(Array, false)
#6 D:\xampp\htdocs\ReservasiZoom\app\Controllers\Reservasi.php(74): CodeIgniter\Model->save(Array)
#7 D:\xampp\htdocs\ReservasiZoom\vendor\codeigniter4\framework\system\CodeIgniter.php(918): App\Controllers\Reservasi->save()
#8 D:\xampp\htdocs\ReservasiZoom\vendor\codeigniter4\framework\system\CodeIgniter.php(404): CodeIgniter\CodeIgniter->runController(Object(App\Controllers\Reservasi))
#9 D:\xampp\htdocs\ReservasiZoom\vendor\codeigniter4\framework\system\CodeIgniter.php(312): CodeIgniter\CodeIgniter->handleRequest(NULL, Object(Config\Cache), false)
#10 D:\xampp\htdocs\ReservasiZoom\public\index.php(45): CodeIgniter\CodeIgniter->run()
#11 D:\xampp\htdocs\ReservasiZoom\vendor\codeigniter4\framework\system\Commands\Server\rewrite.php(34): require_once('D:\\xampp\\htdocs...')
#12 {main}
CRITICAL - 2021-02-05 11:54:40 --> Cannot add or update a child row: a foreign key constraint fails (`reservasizoomftpub`.`data_reservasi`, CONSTRAINT `data_reservasi_ibfk_1` FOREIGN KEY (`idUser`) REFERENCES `data_user` (`idUser`))
#0 D:\xampp\htdocs\ReservasiZoom\vendor\codeigniter4\framework\system\Database\MySQLi\Connection.php(331): mysqli->query('INSERT INTO `da...')
#1 D:\xampp\htdocs\ReservasiZoom\vendor\codeigniter4\framework\system\Database\BaseConnection.php(741): CodeIgniter\Database\MySQLi\Connection->execute('INSERT INTO `da...')
#2 D:\xampp\htdocs\ReservasiZoom\vendor\codeigniter4\framework\system\Database\BaseConnection.php(669): CodeIgniter\Database\BaseConnection->simpleQuery('INSERT INTO `da...')
#3 D:\xampp\htdocs\ReservasiZoom\vendor\codeigniter4\framework\system\Database\BaseBuilder.php(2249): CodeIgniter\Database\BaseConnection->query('INSERT INTO `da...', Array, false)
#4 D:\xampp\htdocs\ReservasiZoom\vendor\codeigniter4\framework\system\Model.php(755): CodeIgniter\Database\BaseBuilder->insert()
#5 D:\xampp\htdocs\ReservasiZoom\vendor\codeigniter4\framework\system\Model.php(574): CodeIgniter\Model->insert(Array, false)
#6 D:\xampp\htdocs\ReservasiZoom\app\Controllers\Reservasi.php(74): CodeIgniter\Model->save(Array)
#7 D:\xampp\htdocs\ReservasiZoom\vendor\codeigniter4\framework\system\CodeIgniter.php(918): App\Controllers\Reservasi->save()
#8 D:\xampp\htdocs\ReservasiZoom\vendor\codeigniter4\framework\system\CodeIgniter.php(404): CodeIgniter\CodeIgniter->runController(Object(App\Controllers\Reservasi))
#9 D:\xampp\htdocs\ReservasiZoom\vendor\codeigniter4\framework\system\CodeIgniter.php(312): CodeIgniter\CodeIgniter->handleRequest(NULL, Object(Config\Cache), false)
#10 D:\xampp\htdocs\ReservasiZoom\public\index.php(45): CodeIgniter\CodeIgniter->run()
#11 D:\xampp\htdocs\ReservasiZoom\vendor\codeigniter4\framework\system\Commands\Server\rewrite.php(34): require_once('D:\\xampp\\htdocs...')
#12 {main}
