CRITICAL - 2021-01-22 03:33:51 --> Invalid file: layout/header.php
#0 D:\xampp\htdocs\ReservasiZoom\vendor\codeigniter4\framework\system\View\View.php(228): CodeIgniter\Exceptions\FrameworkException::forInvalidFile('layout/header.p...')
#1 D:\xampp\htdocs\ReservasiZoom\vendor\codeigniter4\framework\system\Common.php(1119): CodeIgniter\View\View->render('layout/header', Array, true)
#2 D:\xampp\htdocs\ReservasiZoom\app\Controllers\Pages.php(9): view('layout/header')
#3 D:\xampp\htdocs\ReservasiZoom\vendor\codeigniter4\framework\system\CodeIgniter.php(918): App\Controllers\Pages->index()
#4 D:\xampp\htdocs\ReservasiZoom\vendor\codeigniter4\framework\system\CodeIgniter.php(404): CodeIgniter\CodeIgniter->runController(Object(App\Controllers\Pages))
#5 D:\xampp\htdocs\ReservasiZoom\vendor\codeigniter4\framework\system\CodeIgniter.php(312): CodeIgniter\CodeIgniter->handleRequest(NULL, Object(Config\Cache), false)
#6 D:\xampp\htdocs\ReservasiZoom\public\index.php(45): CodeIgniter\CodeIgniter->run()
#7 D:\xampp\htdocs\ReservasiZoom\vendor\codeigniter4\framework\system\Commands\Server\rewrite.php(34): require_once('D:\\xampp\\htdocs...')
#8 {main}
CRITICAL - 2021-01-22 03:57:45 --> syntax error, unexpected '(', expecting ';'
#0 D:\xampp\htdocs\ReservasiZoom\vendor\codeigniter4\framework\system\Common.php(1119): CodeIgniter\View\View->render('pages/beranda', Array, true)
#1 D:\xampp\htdocs\ReservasiZoom\app\Controllers\Pages.php(29): view('pages/beranda', Array)
#2 D:\xampp\htdocs\ReservasiZoom\vendor\codeigniter4\framework\system\CodeIgniter.php(918): App\Controllers\Pages->index()
#3 D:\xampp\htdocs\ReservasiZoom\vendor\codeigniter4\framework\system\CodeIgniter.php(404): CodeIgniter\CodeIgniter->runController(Object(App\Controllers\Pages))
#4 D:\xampp\htdocs\ReservasiZoom\vendor\codeigniter4\framework\system\CodeIgniter.php(312): CodeIgniter\CodeIgniter->handleRequest(NULL, Object(Config\Cache), false)
#5 D:\xampp\htdocs\ReservasiZoom\public\index.php(45): CodeIgniter\CodeIgniter->run()
#6 D:\xampp\htdocs\ReservasiZoom\vendor\codeigniter4\framework\system\Commands\Server\rewrite.php(34): require_once('D:\\xampp\\htdocs...')
#7 {main}
CRITICAL - 2021-01-22 03:58:09 --> Illegal string offset 'nama'
#0 D:\xampp\htdocs\ReservasiZoom\app\Views\pages\beranda.php(39): CodeIgniter\Debug\Exceptions->errorHandler(2, 'Illegal string ...', 'D:\\xampp\\htdocs...', 39, Array)
#1 D:\xampp\htdocs\ReservasiZoom\vendor\codeigniter4\framework\system\View\View.php(246): include('D:\\xampp\\htdocs...')
#2 D:\xampp\htdocs\ReservasiZoom\vendor\codeigniter4\framework\system\Common.php(1119): CodeIgniter\View\View->render('pages/beranda', Array, true)
#3 D:\xampp\htdocs\ReservasiZoom\app\Controllers\Pages.php(29): view('pages/beranda', Array)
#4 D:\xampp\htdocs\ReservasiZoom\vendor\codeigniter4\framework\system\CodeIgniter.php(918): App\Controllers\Pages->index()
#5 D:\xampp\htdocs\ReservasiZoom\vendor\codeigniter4\framework\system\CodeIgniter.php(404): CodeIgniter\CodeIgniter->runController(Object(App\Controllers\Pages))
#6 D:\xampp\htdocs\ReservasiZoom\vendor\codeigniter4\framework\system\CodeIgniter.php(312): CodeIgniter\CodeIgniter->handleRequest(NULL, Object(Config\Cache), false)
#7 D:\xampp\htdocs\ReservasiZoom\public\index.php(45): CodeIgniter\CodeIgniter->run()
#8 D:\xampp\htdocs\ReservasiZoom\vendor\codeigniter4\framework\system\Commands\Server\rewrite.php(34): require_once('D:\\xampp\\htdocs...')
#9 {main}
CRITICAL - 2021-01-22 07:52:28 --> Class 'App\Controllers\ReservasiModel' not found
#0 D:\xampp\htdocs\ReservasiZoom\vendor\codeigniter4\framework\system\CodeIgniter.php(891): App\Controllers\BaseController->initController(Object(CodeIgniter\HTTP\IncomingRequest), Object(CodeIgniter\HTTP\Response), Object(CodeIgniter\Log\Logger))
#1 D:\xampp\htdocs\ReservasiZoom\vendor\codeigniter4\framework\system\CodeIgniter.php(399): CodeIgniter\CodeIgniter->createController()
#2 D:\xampp\htdocs\ReservasiZoom\vendor\codeigniter4\framework\system\CodeIgniter.php(312): CodeIgniter\CodeIgniter->handleRequest(NULL, Object(Config\Cache), false)
#3 D:\xampp\htdocs\ReservasiZoom\public\index.php(45): CodeIgniter\CodeIgniter->run()
#4 D:\xampp\htdocs\ReservasiZoom\vendor\codeigniter4\framework\system\Commands\Server\rewrite.php(34): require_once('D:\\xampp\\htdocs...')
#5 {main}
CRITICAL - 2021-01-22 07:53:01 --> Undefined variable: dbres
#0 D:\xampp\htdocs\ReservasiZoom\app\Controllers\Reservasi.php(23): CodeIgniter\Debug\Exceptions->errorHandler(8, 'Undefined varia...', 'D:\\xampp\\htdocs...', 23, Array)
#1 D:\xampp\htdocs\ReservasiZoom\vendor\codeigniter4\framework\system\CodeIgniter.php(918): App\Controllers\Reservasi->index()
#2 D:\xampp\htdocs\ReservasiZoom\vendor\codeigniter4\framework\system\CodeIgniter.php(404): CodeIgniter\CodeIgniter->runController(Object(App\Controllers\Reservasi))
#3 D:\xampp\htdocs\ReservasiZoom\vendor\codeigniter4\framework\system\CodeIgniter.php(312): CodeIgniter\CodeIgniter->handleRequest(NULL, Object(Config\Cache), false)
#4 D:\xampp\htdocs\ReservasiZoom\public\index.php(45): CodeIgniter\CodeIgniter->run()
#5 D:\xampp\htdocs\ReservasiZoom\vendor\codeigniter4\framework\system\Commands\Server\rewrite.php(34): require_once('D:\\xampp\\htdocs...')
#6 {main}
CRITICAL - 2021-01-22 07:55:40 --> Undefined variable: data_reservasi
#0 D:\xampp\htdocs\ReservasiZoom\app\Views\pages\beranda.php(35): CodeIgniter\Debug\Exceptions->errorHandler(8, 'Undefined varia...', 'D:\\xampp\\htdocs...', 35, Array)
#1 D:\xampp\htdocs\ReservasiZoom\vendor\codeigniter4\framework\system\View\View.php(246): include('D:\\xampp\\htdocs...')
#2 D:\xampp\htdocs\ReservasiZoom\vendor\codeigniter4\framework\system\Common.php(1119): CodeIgniter\View\View->render('pages/beranda', Array, true)
#3 D:\xampp\htdocs\ReservasiZoom\app\Controllers\Pages.php(33): view('pages/beranda', Array)
#4 D:\xampp\htdocs\ReservasiZoom\vendor\codeigniter4\framework\system\CodeIgniter.php(918): App\Controllers\Pages->index()
#5 D:\xampp\htdocs\ReservasiZoom\vendor\codeigniter4\framework\system\CodeIgniter.php(404): CodeIgniter\CodeIgniter->runController(Object(App\Controllers\Pages))
#6 D:\xampp\htdocs\ReservasiZoom\vendor\codeigniter4\framework\system\CodeIgniter.php(312): CodeIgniter\CodeIgniter->handleRequest(NULL, Object(Config\Cache), false)
#7 D:\xampp\htdocs\ReservasiZoom\public\index.php(45): CodeIgniter\CodeIgniter->run()
#8 D:\xampp\htdocs\ReservasiZoom\vendor\codeigniter4\framework\system\Commands\Server\rewrite.php(34): require_once('D:\\xampp\\htdocs...')
#9 {main}
CRITICAL - 2021-01-22 07:56:37 --> Undefined variable: dbres
#0 D:\xampp\htdocs\ReservasiZoom\app\Views\pages\beranda.php(35): CodeIgniter\Debug\Exceptions->errorHandler(8, 'Undefined varia...', 'D:\\xampp\\htdocs...', 35, Array)
#1 D:\xampp\htdocs\ReservasiZoom\vendor\codeigniter4\framework\system\View\View.php(246): include('D:\\xampp\\htdocs...')
#2 D:\xampp\htdocs\ReservasiZoom\vendor\codeigniter4\framework\system\Common.php(1119): CodeIgniter\View\View->render('pages/beranda', Array, true)
#3 D:\xampp\htdocs\ReservasiZoom\app\Controllers\Pages.php(33): view('pages/beranda', Array)
#4 D:\xampp\htdocs\ReservasiZoom\vendor\codeigniter4\framework\system\CodeIgniter.php(918): App\Controllers\Pages->index()
#5 D:\xampp\htdocs\ReservasiZoom\vendor\codeigniter4\framework\system\CodeIgniter.php(404): CodeIgniter\CodeIgniter->runController(Object(App\Controllers\Pages))
#6 D:\xampp\htdocs\ReservasiZoom\vendor\codeigniter4\framework\system\CodeIgniter.php(312): CodeIgniter\CodeIgniter->handleRequest(NULL, Object(Config\Cache), false)
#7 D:\xampp\htdocs\ReservasiZoom\public\index.php(45): CodeIgniter\CodeIgniter->run()
#8 D:\xampp\htdocs\ReservasiZoom\vendor\codeigniter4\framework\system\Commands\Server\rewrite.php(34): require_once('D:\\xampp\\htdocs...')
#9 {main}
CRITICAL - 2021-01-22 07:56:46 --> Undefined variable: dbres
#0 D:\xampp\htdocs\ReservasiZoom\app\Views\pages\beranda.php(35): CodeIgniter\Debug\Exceptions->errorHandler(8, 'Undefined varia...', 'D:\\xampp\\htdocs...', 35, Array)
#1 D:\xampp\htdocs\ReservasiZoom\vendor\codeigniter4\framework\system\View\View.php(246): include('D:\\xampp\\htdocs...')
#2 D:\xampp\htdocs\ReservasiZoom\vendor\codeigniter4\framework\system\Common.php(1119): CodeIgniter\View\View->render('pages/beranda', Array, true)
#3 D:\xampp\htdocs\ReservasiZoom\app\Controllers\Pages.php(33): view('pages/beranda', Array)
#4 D:\xampp\htdocs\ReservasiZoom\vendor\codeigniter4\framework\system\CodeIgniter.php(918): App\Controllers\Pages->index()
#5 D:\xampp\htdocs\ReservasiZoom\vendor\codeigniter4\framework\system\CodeIgniter.php(404): CodeIgniter\CodeIgniter->runController(Object(App\Controllers\Pages))
#6 D:\xampp\htdocs\ReservasiZoom\vendor\codeigniter4\framework\system\CodeIgniter.php(312): CodeIgniter\CodeIgniter->handleRequest(NULL, Object(Config\Cache), false)
#7 D:\xampp\htdocs\ReservasiZoom\public\index.php(45): CodeIgniter\CodeIgniter->run()
#8 D:\xampp\htdocs\ReservasiZoom\vendor\codeigniter4\framework\system\Commands\Server\rewrite.php(34): require_once('D:\\xampp\\htdocs...')
#9 {main}
CRITICAL - 2021-01-22 08:03:34 --> Undefined variable: dbres
#0 D:\xampp\htdocs\ReservasiZoom\app\Views\pages\beranda.php(35): CodeIgniter\Debug\Exceptions->errorHandler(8, 'Undefined varia...', 'D:\\xampp\\htdocs...', 35, Array)
#1 D:\xampp\htdocs\ReservasiZoom\vendor\codeigniter4\framework\system\View\View.php(246): include('D:\\xampp\\htdocs...')
#2 D:\xampp\htdocs\ReservasiZoom\vendor\codeigniter4\framework\system\Common.php(1119): CodeIgniter\View\View->render('pages/beranda', Array, true)
#3 D:\xampp\htdocs\ReservasiZoom\app\Controllers\Pages.php(14): view('pages/beranda', Array)
#4 D:\xampp\htdocs\ReservasiZoom\vendor\codeigniter4\framework\system\CodeIgniter.php(918): App\Controllers\Pages->index()
#5 D:\xampp\htdocs\ReservasiZoom\vendor\codeigniter4\framework\system\CodeIgniter.php(404): CodeIgniter\CodeIgniter->runController(Object(App\Controllers\Pages))
#6 D:\xampp\htdocs\ReservasiZoom\vendor\codeigniter4\framework\system\CodeIgniter.php(312): CodeIgniter\CodeIgniter->handleRequest(NULL, Object(Config\Cache), false)
#7 D:\xampp\htdocs\ReservasiZoom\public\index.php(45): CodeIgniter\CodeIgniter->run()
#8 D:\xampp\htdocs\ReservasiZoom\vendor\codeigniter4\framework\system\Commands\Server\rewrite.php(34): require_once('D:\\xampp\\htdocs...')
#9 {main}
CRITICAL - 2021-01-22 08:03:36 --> Undefined variable: dbres
#0 D:\xampp\htdocs\ReservasiZoom\app\Views\pages\beranda.php(35): CodeIgniter\Debug\Exceptions->errorHandler(8, 'Undefined varia...', 'D:\\xampp\\htdocs...', 35, Array)
#1 D:\xampp\htdocs\ReservasiZoom\vendor\codeigniter4\framework\system\View\View.php(246): include('D:\\xampp\\htdocs...')
#2 D:\xampp\htdocs\ReservasiZoom\vendor\codeigniter4\framework\system\Common.php(1119): CodeIgniter\View\View->render('pages/beranda', Array, true)
#3 D:\xampp\htdocs\ReservasiZoom\app\Controllers\Pages.php(14): view('pages/beranda', Array)
#4 D:\xampp\htdocs\ReservasiZoom\vendor\codeigniter4\framework\system\CodeIgniter.php(918): App\Controllers\Pages->index()
#5 D:\xampp\htdocs\ReservasiZoom\vendor\codeigniter4\framework\system\CodeIgniter.php(404): CodeIgniter\CodeIgniter->runController(Object(App\Controllers\Pages))
#6 D:\xampp\htdocs\ReservasiZoom\vendor\codeigniter4\framework\system\CodeIgniter.php(312): CodeIgniter\CodeIgniter->handleRequest(NULL, Object(Config\Cache), false)
#7 D:\xampp\htdocs\ReservasiZoom\public\index.php(45): CodeIgniter\CodeIgniter->run()
#8 D:\xampp\htdocs\ReservasiZoom\vendor\codeigniter4\framework\system\Commands\Server\rewrite.php(34): require_once('D:\\xampp\\htdocs...')
#9 {main}
CRITICAL - 2021-01-22 08:04:08 --> Undefined index: nama
#0 D:\xampp\htdocs\ReservasiZoom\app\Views\pages\beranda.php(39): CodeIgniter\Debug\Exceptions->errorHandler(8, 'Undefined index...', 'D:\\xampp\\htdocs...', 39, Array)
#1 D:\xampp\htdocs\ReservasiZoom\vendor\codeigniter4\framework\system\View\View.php(246): include('D:\\xampp\\htdocs...')
#2 D:\xampp\htdocs\ReservasiZoom\vendor\codeigniter4\framework\system\Common.php(1119): CodeIgniter\View\View->render('pages/beranda', Array, true)
#3 D:\xampp\htdocs\ReservasiZoom\app\Controllers\Pages.php(14): view('pages/beranda', Array)
#4 D:\xampp\htdocs\ReservasiZoom\vendor\codeigniter4\framework\system\CodeIgniter.php(918): App\Controllers\Pages->index()
#5 D:\xampp\htdocs\ReservasiZoom\vendor\codeigniter4\framework\system\CodeIgniter.php(404): CodeIgniter\CodeIgniter->runController(Object(App\Controllers\Pages))
#6 D:\xampp\htdocs\ReservasiZoom\vendor\codeigniter4\framework\system\CodeIgniter.php(312): CodeIgniter\CodeIgniter->handleRequest(NULL, Object(Config\Cache), false)
#7 D:\xampp\htdocs\ReservasiZoom\public\index.php(45): CodeIgniter\CodeIgniter->run()
#8 D:\xampp\htdocs\ReservasiZoom\vendor\codeigniter4\framework\system\Commands\Server\rewrite.php(34): require_once('D:\\xampp\\htdocs...')
#9 {main}
CRITICAL - 2021-01-22 08:06:29 --> syntax error, unexpected '='
#0 D:\xampp\htdocs\ReservasiZoom\vendor\codeigniter4\framework\system\Router\Router.php(195): CodeIgniter\Router\Router->autoRoute('reservasi')
#1 D:\xampp\htdocs\ReservasiZoom\vendor\codeigniter4\framework\system\CodeIgniter.php(793): CodeIgniter\Router\Router->handle('reservasi')
#2 D:\xampp\htdocs\ReservasiZoom\vendor\codeigniter4\framework\system\CodeIgniter.php(364): CodeIgniter\CodeIgniter->tryToRouteIt(Object(CodeIgniter\Router\RouteCollection))
#3 D:\xampp\htdocs\ReservasiZoom\vendor\codeigniter4\framework\system\CodeIgniter.php(312): CodeIgniter\CodeIgniter->handleRequest(NULL, Object(Config\Cache), false)
#4 D:\xampp\htdocs\ReservasiZoom\public\index.php(45): CodeIgniter\CodeIgniter->run()
#5 D:\xampp\htdocs\ReservasiZoom\vendor\codeigniter4\framework\system\Commands\Server\rewrite.php(34): require_once('D:\\xampp\\htdocs...')
#6 {main}
CRITICAL - 2021-01-22 09:30:56 --> syntax error, unexpected end of file
#0 D:\xampp\htdocs\ReservasiZoom\vendor\codeigniter4\framework\system\Common.php(1119): CodeIgniter\View\View->render('pages/beranda', Array, true)
#1 D:\xampp\htdocs\ReservasiZoom\app\Controllers\Pages.php(14): view('pages/beranda', Array)
#2 D:\xampp\htdocs\ReservasiZoom\vendor\codeigniter4\framework\system\CodeIgniter.php(918): App\Controllers\Pages->index()
#3 D:\xampp\htdocs\ReservasiZoom\vendor\codeigniter4\framework\system\CodeIgniter.php(404): CodeIgniter\CodeIgniter->runController(Object(App\Controllers\Pages))
#4 D:\xampp\htdocs\ReservasiZoom\vendor\codeigniter4\framework\system\CodeIgniter.php(312): CodeIgniter\CodeIgniter->handleRequest(NULL, Object(Config\Cache), false)
#5 D:\xampp\htdocs\ReservasiZoom\public\index.php(45): CodeIgniter\CodeIgniter->run()
#6 D:\xampp\htdocs\ReservasiZoom\vendor\codeigniter4\framework\system\Commands\Server\rewrite.php(34): require_once('D:\\xampp\\htdocs...')
#7 {main}
CRITICAL - 2021-01-22 11:26:23 --> syntax error, unexpected '=>' (T_DOUBLE_ARROW)
#0 D:\xampp\htdocs\ReservasiZoom\vendor\codeigniter4\framework\system\Router\Router.php(195): CodeIgniter\Router\Router->autoRoute('reservasi')
#1 D:\xampp\htdocs\ReservasiZoom\vendor\codeigniter4\framework\system\CodeIgniter.php(793): CodeIgniter\Router\Router->handle('reservasi')
#2 D:\xampp\htdocs\ReservasiZoom\vendor\codeigniter4\framework\system\CodeIgniter.php(364): CodeIgniter\CodeIgniter->tryToRouteIt(Object(CodeIgniter\Router\RouteCollection))
#3 D:\xampp\htdocs\ReservasiZoom\vendor\codeigniter4\framework\system\CodeIgniter.php(312): CodeIgniter\CodeIgniter->handleRequest(NULL, Object(Config\Cache), false)
#4 D:\xampp\htdocs\ReservasiZoom\public\index.php(45): CodeIgniter\CodeIgniter->run()
#5 D:\xampp\htdocs\ReservasiZoom\vendor\codeigniter4\framework\system\Commands\Server\rewrite.php(34): require_once('D:\\xampp\\htdocs...')
#6 {main}
CRITICAL - 2021-01-22 11:32:56 --> syntax error, unexpected '=>' (T_DOUBLE_ARROW)
#0 D:\xampp\htdocs\ReservasiZoom\vendor\codeigniter4\framework\system\Router\Router.php(195): CodeIgniter\Router\Router->autoRoute('reservasi')
#1 D:\xampp\htdocs\ReservasiZoom\vendor\codeigniter4\framework\system\CodeIgniter.php(793): CodeIgniter\Router\Router->handle('reservasi')
#2 D:\xampp\htdocs\ReservasiZoom\vendor\codeigniter4\framework\system\CodeIgniter.php(364): CodeIgniter\CodeIgniter->tryToRouteIt(Object(CodeIgniter\Router\RouteCollection))
#3 D:\xampp\htdocs\ReservasiZoom\vendor\codeigniter4\framework\system\CodeIgniter.php(312): CodeIgniter\CodeIgniter->handleRequest(NULL, Object(Config\Cache), false)
#4 D:\xampp\htdocs\ReservasiZoom\public\index.php(45): CodeIgniter\CodeIgniter->run()
#5 D:\xampp\htdocs\ReservasiZoom\vendor\codeigniter4\framework\system\Commands\Server\rewrite.php(34): require_once('D:\\xampp\\htdocs...')
#6 {main}
CRITICAL - 2021-01-22 11:33:01 --> syntax error, unexpected '=>' (T_DOUBLE_ARROW)
#0 D:\xampp\htdocs\ReservasiZoom\vendor\codeigniter4\framework\system\Router\Router.php(195): CodeIgniter\Router\Router->autoRoute('reservasi')
#1 D:\xampp\htdocs\ReservasiZoom\vendor\codeigniter4\framework\system\CodeIgniter.php(793): CodeIgniter\Router\Router->handle('reservasi')
#2 D:\xampp\htdocs\ReservasiZoom\vendor\codeigniter4\framework\system\CodeIgniter.php(364): CodeIgniter\CodeIgniter->tryToRouteIt(Object(CodeIgniter\Router\RouteCollection))
#3 D:\xampp\htdocs\ReservasiZoom\vendor\codeigniter4\framework\system\CodeIgniter.php(312): CodeIgniter\CodeIgniter->handleRequest(NULL, Object(Config\Cache), false)
#4 D:\xampp\htdocs\ReservasiZoom\public\index.php(45): CodeIgniter\CodeIgniter->run()
#5 D:\xampp\htdocs\ReservasiZoom\vendor\codeigniter4\framework\system\Commands\Server\rewrite.php(34): require_once('D:\\xampp\\htdocs...')
#6 {main}
CRITICAL - 2021-01-22 11:40:33 --> syntax error, unexpected '}'
#0 D:\xampp\htdocs\ReservasiZoom\vendor\codeigniter4\framework\system\Router\Router.php(195): CodeIgniter\Router\Router->autoRoute('reservasi')
#1 D:\xampp\htdocs\ReservasiZoom\vendor\codeigniter4\framework\system\CodeIgniter.php(793): CodeIgniter\Router\Router->handle('reservasi')
#2 D:\xampp\htdocs\ReservasiZoom\vendor\codeigniter4\framework\system\CodeIgniter.php(364): CodeIgniter\CodeIgniter->tryToRouteIt(Object(CodeIgniter\Router\RouteCollection))
#3 D:\xampp\htdocs\ReservasiZoom\vendor\codeigniter4\framework\system\CodeIgniter.php(312): CodeIgniter\CodeIgniter->handleRequest(NULL, Object(Config\Cache), false)
#4 D:\xampp\htdocs\ReservasiZoom\public\index.php(45): CodeIgniter\CodeIgniter->run()
#5 D:\xampp\htdocs\ReservasiZoom\vendor\codeigniter4\framework\system\Commands\Server\rewrite.php(34): require_once('D:\\xampp\\htdocs...')
#6 {main}
CRITICAL - 2021-01-22 11:40:50 --> You must set the database table to be used with your query.
#0 D:\xampp\htdocs\ReservasiZoom\vendor\codeigniter4\framework\system\Model.php(1237): CodeIgniter\Database\BaseConnection->table(NULL)
#1 D:\xampp\htdocs\ReservasiZoom\vendor\codeigniter4\framework\system\Model.php(454): CodeIgniter\Model->builder()
#2 D:\xampp\htdocs\ReservasiZoom\app\Models\ReservasiModel.php(16): CodeIgniter\Model->findAll()
#3 D:\xampp\htdocs\ReservasiZoom\app\Controllers\Reservasi.php(15): App\Models\ReservasiModel->getReservasi()
#4 D:\xampp\htdocs\ReservasiZoom\vendor\codeigniter4\framework\system\CodeIgniter.php(918): App\Controllers\Reservasi->index()
#5 D:\xampp\htdocs\ReservasiZoom\vendor\codeigniter4\framework\system\CodeIgniter.php(404): CodeIgniter\CodeIgniter->runController(Object(App\Controllers\Reservasi))
#6 D:\xampp\htdocs\ReservasiZoom\vendor\codeigniter4\framework\system\CodeIgniter.php(312): CodeIgniter\CodeIgniter->handleRequest(NULL, Object(Config\Cache), false)
#7 D:\xampp\htdocs\ReservasiZoom\public\index.php(45): CodeIgniter\CodeIgniter->run()
#8 D:\xampp\htdocs\ReservasiZoom\vendor\codeigniter4\framework\system\Commands\Server\rewrite.php(34): require_once('D:\\xampp\\htdocs...')
#9 {main}
CRITICAL - 2021-01-22 11:45:11 --> You must set the database table to be used with your query.
#0 D:\xampp\htdocs\ReservasiZoom\vendor\codeigniter4\framework\system\Model.php(1237): CodeIgniter\Database\BaseConnection->table(NULL)
#1 D:\xampp\htdocs\ReservasiZoom\vendor\codeigniter4\framework\system\Model.php(454): CodeIgniter\Model->builder()
#2 D:\xampp\htdocs\ReservasiZoom\app\Models\ReservasiModel.php(16): CodeIgniter\Model->findAll()
#3 D:\xampp\htdocs\ReservasiZoom\app\Controllers\Reservasi.php(15): App\Models\ReservasiModel->getReservasi()
#4 D:\xampp\htdocs\ReservasiZoom\vendor\codeigniter4\framework\system\CodeIgniter.php(918): App\Controllers\Reservasi->index()
#5 D:\xampp\htdocs\ReservasiZoom\vendor\codeigniter4\framework\system\CodeIgniter.php(404): CodeIgniter\CodeIgniter->runController(Object(App\Controllers\Reservasi))
#6 D:\xampp\htdocs\ReservasiZoom\vendor\codeigniter4\framework\system\CodeIgniter.php(312): CodeIgniter\CodeIgniter->handleRequest(NULL, Object(Config\Cache), false)
#7 D:\xampp\htdocs\ReservasiZoom\public\index.php(45): CodeIgniter\CodeIgniter->run()
#8 D:\xampp\htdocs\ReservasiZoom\vendor\codeigniter4\framework\system\Commands\Server\rewrite.php(34): require_once('D:\\xampp\\htdocs...')
#9 {main}
CRITICAL - 2021-01-22 11:49:12 --> You must set the database table to be used with your query.
#0 D:\xampp\htdocs\ReservasiZoom\vendor\codeigniter4\framework\system\Model.php(1237): CodeIgniter\Database\BaseConnection->table(NULL)
#1 D:\xampp\htdocs\ReservasiZoom\vendor\codeigniter4\framework\system\Model.php(454): CodeIgniter\Model->builder()
#2 D:\xampp\htdocs\ReservasiZoom\app\Models\ReservasiModel.php(16): CodeIgniter\Model->findAll()
#3 D:\xampp\htdocs\ReservasiZoom\app\Controllers\Reservasi.php(15): App\Models\ReservasiModel->getReservasi()
#4 D:\xampp\htdocs\ReservasiZoom\vendor\codeigniter4\framework\system\CodeIgniter.php(918): App\Controllers\Reservasi->index()
#5 D:\xampp\htdocs\ReservasiZoom\vendor\codeigniter4\framework\system\CodeIgniter.php(404): CodeIgniter\CodeIgniter->runController(Object(App\Controllers\Reservasi))
#6 D:\xampp\htdocs\ReservasiZoom\vendor\codeigniter4\framework\system\CodeIgniter.php(312): CodeIgniter\CodeIgniter->handleRequest(NULL, Object(Config\Cache), false)
#7 D:\xampp\htdocs\ReservasiZoom\public\index.php(45): CodeIgniter\CodeIgniter->run()
#8 D:\xampp\htdocs\ReservasiZoom\vendor\codeigniter4\framework\system\Commands\Server\rewrite.php(34): require_once('D:\\xampp\\htdocs...')
#9 {main}
CRITICAL - 2021-01-22 11:49:15 --> You must set the database table to be used with your query.
#0 D:\xampp\htdocs\ReservasiZoom\vendor\codeigniter4\framework\system\Model.php(1237): CodeIgniter\Database\BaseConnection->table(NULL)
#1 D:\xampp\htdocs\ReservasiZoom\vendor\codeigniter4\framework\system\Model.php(454): CodeIgniter\Model->builder()
#2 D:\xampp\htdocs\ReservasiZoom\app\Controllers\Pages.php(9): CodeIgniter\Model->findAll()
#3 D:\xampp\htdocs\ReservasiZoom\vendor\codeigniter4\framework\system\CodeIgniter.php(918): App\Controllers\Pages->index()
#4 D:\xampp\htdocs\ReservasiZoom\vendor\codeigniter4\framework\system\CodeIgniter.php(404): CodeIgniter\CodeIgniter->runController(Object(App\Controllers\Pages))
#5 D:\xampp\htdocs\ReservasiZoom\vendor\codeigniter4\framework\system\CodeIgniter.php(312): CodeIgniter\CodeIgniter->handleRequest(NULL, Object(Config\Cache), false)
#6 D:\xampp\htdocs\ReservasiZoom\public\index.php(45): CodeIgniter\CodeIgniter->run()
#7 D:\xampp\htdocs\ReservasiZoom\vendor\codeigniter4\framework\system\Commands\Server\rewrite.php(34): require_once('D:\\xampp\\htdocs...')
#8 {main}
CRITICAL - 2021-01-22 12:00:05 --> Undefined property: App\Controllers\Pages::$reservasiModel
#0 D:\xampp\htdocs\ReservasiZoom\app\Controllers\Pages.php(9): CodeIgniter\Debug\Exceptions->errorHandler(8, 'Undefined prope...', 'D:\\xampp\\htdocs...', 9, Array)
#1 D:\xampp\htdocs\ReservasiZoom\vendor\codeigniter4\framework\system\CodeIgniter.php(918): App\Controllers\Pages->index()
#2 D:\xampp\htdocs\ReservasiZoom\vendor\codeigniter4\framework\system\CodeIgniter.php(404): CodeIgniter\CodeIgniter->runController(Object(App\Controllers\Pages))
#3 D:\xampp\htdocs\ReservasiZoom\vendor\codeigniter4\framework\system\CodeIgniter.php(312): CodeIgniter\CodeIgniter->handleRequest(NULL, Object(Config\Cache), false)
#4 D:\xampp\htdocs\ReservasiZoom\public\index.php(45): CodeIgniter\CodeIgniter->run()
#5 D:\xampp\htdocs\ReservasiZoom\vendor\codeigniter4\framework\system\Commands\Server\rewrite.php(34): require_once('D:\\xampp\\htdocs...')
#6 {main}
CRITICAL - 2021-01-22 12:00:09 --> Undefined property: App\Controllers\Pages::$reservasiModel
#0 D:\xampp\htdocs\ReservasiZoom\app\Controllers\Pages.php(9): CodeIgniter\Debug\Exceptions->errorHandler(8, 'Undefined prope...', 'D:\\xampp\\htdocs...', 9, Array)
#1 D:\xampp\htdocs\ReservasiZoom\vendor\codeigniter4\framework\system\CodeIgniter.php(918): App\Controllers\Pages->index()
#2 D:\xampp\htdocs\ReservasiZoom\vendor\codeigniter4\framework\system\CodeIgniter.php(404): CodeIgniter\CodeIgniter->runController(Object(App\Controllers\Pages))
#3 D:\xampp\htdocs\ReservasiZoom\vendor\codeigniter4\framework\system\CodeIgniter.php(312): CodeIgniter\CodeIgniter->handleRequest(NULL, Object(Config\Cache), false)
#4 D:\xampp\htdocs\ReservasiZoom\public\index.php(45): CodeIgniter\CodeIgniter->run()
#5 D:\xampp\htdocs\ReservasiZoom\vendor\codeigniter4\framework\system\Commands\Server\rewrite.php(34): require_once('D:\\xampp\\htdocs...')
#6 {main}
CRITICAL - 2021-01-22 12:00:45 --> Undefined property: App\Controllers\Pages::$reservasiModel
#0 D:\xampp\htdocs\ReservasiZoom\app\Controllers\Pages.php(9): CodeIgniter\Debug\Exceptions->errorHandler(8, 'Undefined prope...', 'D:\\xampp\\htdocs...', 9, Array)
#1 D:\xampp\htdocs\ReservasiZoom\vendor\codeigniter4\framework\system\CodeIgniter.php(918): App\Controllers\Pages->index()
#2 D:\xampp\htdocs\ReservasiZoom\vendor\codeigniter4\framework\system\CodeIgniter.php(404): CodeIgniter\CodeIgniter->runController(Object(App\Controllers\Pages))
#3 D:\xampp\htdocs\ReservasiZoom\vendor\codeigniter4\framework\system\CodeIgniter.php(312): CodeIgniter\CodeIgniter->handleRequest(NULL, Object(Config\Cache), false)
#4 D:\xampp\htdocs\ReservasiZoom\public\index.php(45): CodeIgniter\CodeIgniter->run()
#5 D:\xampp\htdocs\ReservasiZoom\vendor\codeigniter4\framework\system\Commands\Server\rewrite.php(34): require_once('D:\\xampp\\htdocs...')
#6 {main}
CRITICAL - 2021-01-22 12:01:21 --> You must set the database table to be used with your query.
#0 D:\xampp\htdocs\ReservasiZoom\vendor\codeigniter4\framework\system\Model.php(1237): CodeIgniter\Database\BaseConnection->table(NULL)
#1 D:\xampp\htdocs\ReservasiZoom\vendor\codeigniter4\framework\system\Model.php(454): CodeIgniter\Model->builder()
#2 D:\xampp\htdocs\ReservasiZoom\app\Controllers\Pages.php(9): CodeIgniter\Model->findAll()
#3 D:\xampp\htdocs\ReservasiZoom\vendor\codeigniter4\framework\system\CodeIgniter.php(918): App\Controllers\Pages->index()
#4 D:\xampp\htdocs\ReservasiZoom\vendor\codeigniter4\framework\system\CodeIgniter.php(404): CodeIgniter\CodeIgniter->runController(Object(App\Controllers\Pages))
#5 D:\xampp\htdocs\ReservasiZoom\vendor\codeigniter4\framework\system\CodeIgniter.php(312): CodeIgniter\CodeIgniter->handleRequest(NULL, Object(Config\Cache), false)
#6 D:\xampp\htdocs\ReservasiZoom\public\index.php(45): CodeIgniter\CodeIgniter->run()
#7 D:\xampp\htdocs\ReservasiZoom\vendor\codeigniter4\framework\system\Commands\Server\rewrite.php(34): require_once('D:\\xampp\\htdocs...')
#8 {main}
CRITICAL - 2021-01-22 12:01:41 --> You must set the database table to be used with your query.
#0 D:\xampp\htdocs\ReservasiZoom\vendor\codeigniter4\framework\system\Model.php(1237): CodeIgniter\Database\BaseConnection->table(NULL)
#1 D:\xampp\htdocs\ReservasiZoom\vendor\codeigniter4\framework\system\Model.php(454): CodeIgniter\Model->builder()
#2 D:\xampp\htdocs\ReservasiZoom\app\Controllers\Pages.php(9): CodeIgniter\Model->findAll()
#3 D:\xampp\htdocs\ReservasiZoom\vendor\codeigniter4\framework\system\CodeIgniter.php(918): App\Controllers\Pages->index()
#4 D:\xampp\htdocs\ReservasiZoom\vendor\codeigniter4\framework\system\CodeIgniter.php(404): CodeIgniter\CodeIgniter->runController(Object(App\Controllers\Pages))
#5 D:\xampp\htdocs\ReservasiZoom\vendor\codeigniter4\framework\system\CodeIgniter.php(312): CodeIgniter\CodeIgniter->handleRequest(NULL, Object(Config\Cache), false)
#6 D:\xampp\htdocs\ReservasiZoom\public\index.php(45): CodeIgniter\CodeIgniter->run()
#7 D:\xampp\htdocs\ReservasiZoom\vendor\codeigniter4\framework\system\Commands\Server\rewrite.php(34): require_once('D:\\xampp\\htdocs...')
#8 {main}
CRITICAL - 2021-01-22 12:04:55 --> Undefined property: App\Controllers\Pages::$reservasiModel
#0 D:\xampp\htdocs\ReservasiZoom\app\Controllers\Pages.php(9): CodeIgniter\Debug\Exceptions->errorHandler(8, 'Undefined prope...', 'D:\\xampp\\htdocs...', 9, Array)
#1 D:\xampp\htdocs\ReservasiZoom\vendor\codeigniter4\framework\system\CodeIgniter.php(918): App\Controllers\Pages->index()
#2 D:\xampp\htdocs\ReservasiZoom\vendor\codeigniter4\framework\system\CodeIgniter.php(404): CodeIgniter\CodeIgniter->runController(Object(App\Controllers\Pages))
#3 D:\xampp\htdocs\ReservasiZoom\vendor\codeigniter4\framework\system\CodeIgniter.php(312): CodeIgniter\CodeIgniter->handleRequest(NULL, Object(Config\Cache), false)
#4 D:\xampp\htdocs\ReservasiZoom\public\index.php(45): CodeIgniter\CodeIgniter->run()
#5 D:\xampp\htdocs\ReservasiZoom\vendor\codeigniter4\framework\system\Commands\Server\rewrite.php(34): require_once('D:\\xampp\\htdocs...')
#6 {main}
CRITICAL - 2021-01-22 12:06:09 --> Illegal string offset 'idUser'
#0 D:\xampp\htdocs\ReservasiZoom\app\Views\reservasi\detail.php(31): CodeIgniter\Debug\Exceptions->errorHandler(2, 'Illegal string ...', 'D:\\xampp\\htdocs...', 31, Array)
#1 D:\xampp\htdocs\ReservasiZoom\vendor\codeigniter4\framework\system\View\View.php(246): include('D:\\xampp\\htdocs...')
#2 D:\xampp\htdocs\ReservasiZoom\vendor\codeigniter4\framework\system\Common.php(1119): CodeIgniter\View\View->render('reservasi/detai...', Array, true)
#3 D:\xampp\htdocs\ReservasiZoom\app\Controllers\Reservasi.php(27): view('reservasi/detai...', Array)
#4 D:\xampp\htdocs\ReservasiZoom\vendor\codeigniter4\framework\system\CodeIgniter.php(918): App\Controllers\Reservasi->detail('magang-pemrogra...')
#5 D:\xampp\htdocs\ReservasiZoom\vendor\codeigniter4\framework\system\CodeIgniter.php(404): CodeIgniter\CodeIgniter->runController(Object(App\Controllers\Reservasi))
#6 D:\xampp\htdocs\ReservasiZoom\vendor\codeigniter4\framework\system\CodeIgniter.php(312): CodeIgniter\CodeIgniter->handleRequest(NULL, Object(Config\Cache), false)
#7 D:\xampp\htdocs\ReservasiZoom\public\index.php(45): CodeIgniter\CodeIgniter->run()
#8 D:\xampp\htdocs\ReservasiZoom\vendor\codeigniter4\framework\system\Commands\Server\rewrite.php(34): require_once('D:\\xampp\\htdocs...')
#9 {main}
CRITICAL - 2021-01-22 12:21:08 --> Illegal string offset 'idUser'
#0 D:\xampp\htdocs\ReservasiZoom\app\Views\reservasi\detail.php(30): CodeIgniter\Debug\Exceptions->errorHandler(2, 'Illegal string ...', 'D:\\xampp\\htdocs...', 30, Array)
#1 D:\xampp\htdocs\ReservasiZoom\vendor\codeigniter4\framework\system\View\View.php(246): include('D:\\xampp\\htdocs...')
#2 D:\xampp\htdocs\ReservasiZoom\vendor\codeigniter4\framework\system\Common.php(1119): CodeIgniter\View\View->render('reservasi/detai...', Array, true)
#3 D:\xampp\htdocs\ReservasiZoom\app\Controllers\Reservasi.php(28): view('reservasi/detai...', Array)
#4 D:\xampp\htdocs\ReservasiZoom\vendor\codeigniter4\framework\system\CodeIgniter.php(918): App\Controllers\Reservasi->detail('magang-pemrogra...')
#5 D:\xampp\htdocs\ReservasiZoom\vendor\codeigniter4\framework\system\CodeIgniter.php(404): CodeIgniter\CodeIgniter->runController(Object(App\Controllers\Reservasi))
#6 D:\xampp\htdocs\ReservasiZoom\vendor\codeigniter4\framework\system\CodeIgniter.php(312): CodeIgniter\CodeIgniter->handleRequest(NULL, Object(Config\Cache), false)
#7 D:\xampp\htdocs\ReservasiZoom\public\index.php(45): CodeIgniter\CodeIgniter->run()
#8 D:\xampp\htdocs\ReservasiZoom\vendor\codeigniter4\framework\system\Commands\Server\rewrite.php(34): require_once('D:\\xampp\\htdocs...')
#9 {main}
CRITICAL - 2021-01-22 12:24:47 --> syntax error, unexpected end of file
#0 D:\xampp\htdocs\ReservasiZoom\vendor\codeigniter4\framework\system\Common.php(1119): CodeIgniter\View\View->render('reservasi/detai...', Array, true)
#1 D:\xampp\htdocs\ReservasiZoom\app\Controllers\Reservasi.php(28): view('reservasi/detai...', Array)
#2 D:\xampp\htdocs\ReservasiZoom\vendor\codeigniter4\framework\system\CodeIgniter.php(918): App\Controllers\Reservasi->detail('magang-pemrogra...')
#3 D:\xampp\htdocs\ReservasiZoom\vendor\codeigniter4\framework\system\CodeIgniter.php(404): CodeIgniter\CodeIgniter->runController(Object(App\Controllers\Reservasi))
#4 D:\xampp\htdocs\ReservasiZoom\vendor\codeigniter4\framework\system\CodeIgniter.php(312): CodeIgniter\CodeIgniter->handleRequest(NULL, Object(Config\Cache), false)
#5 D:\xampp\htdocs\ReservasiZoom\public\index.php(45): CodeIgniter\CodeIgniter->run()
#6 D:\xampp\htdocs\ReservasiZoom\vendor\codeigniter4\framework\system\Commands\Server\rewrite.php(34): require_once('D:\\xampp\\htdocs...')
#7 {main}
CRITICAL - 2021-01-22 12:27:20 --> Illegal string offset 'idUser'
#0 D:\xampp\htdocs\ReservasiZoom\app\Views\reservasi\detail.php(9): CodeIgniter\Debug\Exceptions->errorHandler(2, 'Illegal string ...', 'D:\\xampp\\htdocs...', 9, Array)
#1 D:\xampp\htdocs\ReservasiZoom\vendor\codeigniter4\framework\system\View\View.php(246): include('D:\\xampp\\htdocs...')
#2 D:\xampp\htdocs\ReservasiZoom\vendor\codeigniter4\framework\system\Common.php(1119): CodeIgniter\View\View->render('reservasi/detai...', Array, true)
#3 D:\xampp\htdocs\ReservasiZoom\app\Controllers\Reservasi.php(28): view('reservasi/detai...', Array)
#4 D:\xampp\htdocs\ReservasiZoom\vendor\codeigniter4\framework\system\CodeIgniter.php(918): App\Controllers\Reservasi->detail('magang-pemrogra...')
#5 D:\xampp\htdocs\ReservasiZoom\vendor\codeigniter4\framework\system\CodeIgniter.php(404): CodeIgniter\CodeIgniter->runController(Object(App\Controllers\Reservasi))
#6 D:\xampp\htdocs\ReservasiZoom\vendor\codeigniter4\framework\system\CodeIgniter.php(312): CodeIgniter\CodeIgniter->handleRequest(NULL, Object(Config\Cache), false)
#7 D:\xampp\htdocs\ReservasiZoom\public\index.php(45): CodeIgniter\CodeIgniter->run()
#8 D:\xampp\htdocs\ReservasiZoom\vendor\codeigniter4\framework\system\Commands\Server\rewrite.php(34): require_once('D:\\xampp\\htdocs...')
#9 {main}
CRITICAL - 2021-01-22 12:27:36 --> Invalid argument supplied for foreach()
#0 D:\xampp\htdocs\ReservasiZoom\app\Views\reservasi\detail.php(8): CodeIgniter\Debug\Exceptions->errorHandler(2, 'Invalid argumen...', 'D:\\xampp\\htdocs...', 8, Array)
#1 D:\xampp\htdocs\ReservasiZoom\vendor\codeigniter4\framework\system\View\View.php(246): include('D:\\xampp\\htdocs...')
#2 D:\xampp\htdocs\ReservasiZoom\vendor\codeigniter4\framework\system\Common.php(1119): CodeIgniter\View\View->render('reservasi/detai...', Array, true)
#3 D:\xampp\htdocs\ReservasiZoom\app\Controllers\Reservasi.php(28): view('reservasi/detai...', Array)
#4 D:\xampp\htdocs\ReservasiZoom\vendor\codeigniter4\framework\system\CodeIgniter.php(918): App\Controllers\Reservasi->detail('2')
#5 D:\xampp\htdocs\ReservasiZoom\vendor\codeigniter4\framework\system\CodeIgniter.php(404): CodeIgniter\CodeIgniter->runController(Object(App\Controllers\Reservasi))
#6 D:\xampp\htdocs\ReservasiZoom\vendor\codeigniter4\framework\system\CodeIgniter.php(312): CodeIgniter\CodeIgniter->handleRequest(NULL, Object(Config\Cache), false)
#7 D:\xampp\htdocs\ReservasiZoom\public\index.php(45): CodeIgniter\CodeIgniter->run()
#8 D:\xampp\htdocs\ReservasiZoom\vendor\codeigniter4\framework\system\Commands\Server\rewrite.php(34): require_once('D:\\xampp\\htdocs...')
#9 {main}
CRITICAL - 2021-01-22 12:31:26 --> Illegal string offset 'idUser'
#0 D:\xampp\htdocs\ReservasiZoom\app\Views\reservasi\detail.php(9): CodeIgniter\Debug\Exceptions->errorHandler(2, 'Illegal string ...', 'D:\\xampp\\htdocs...', 9, Array)
#1 D:\xampp\htdocs\ReservasiZoom\vendor\codeigniter4\framework\system\View\View.php(246): include('D:\\xampp\\htdocs...')
#2 D:\xampp\htdocs\ReservasiZoom\vendor\codeigniter4\framework\system\Common.php(1119): CodeIgniter\View\View->render('reservasi/detai...', Array, true)
#3 D:\xampp\htdocs\ReservasiZoom\app\Controllers\Reservasi.php(28): view('reservasi/detai...', Array)
#4 D:\xampp\htdocs\ReservasiZoom\vendor\codeigniter4\framework\system\CodeIgniter.php(918): App\Controllers\Reservasi->detail('2')
#5 D:\xampp\htdocs\ReservasiZoom\vendor\codeigniter4\framework\system\CodeIgniter.php(404): CodeIgniter\CodeIgniter->runController(Object(App\Controllers\Reservasi))
#6 D:\xampp\htdocs\ReservasiZoom\vendor\codeigniter4\framework\system\CodeIgniter.php(312): CodeIgniter\CodeIgniter->handleRequest(NULL, Object(Config\Cache), false)
#7 D:\xampp\htdocs\ReservasiZoom\public\index.php(45): CodeIgniter\CodeIgniter->run()
#8 D:\xampp\htdocs\ReservasiZoom\vendor\codeigniter4\framework\system\Commands\Server\rewrite.php(34): require_once('D:\\xampp\\htdocs...')
#9 {main}
CRITICAL - 2021-01-22 12:31:28 --> Illegal string offset 'idUser'
#0 D:\xampp\htdocs\ReservasiZoom\app\Views\reservasi\detail.php(9): CodeIgniter\Debug\Exceptions->errorHandler(2, 'Illegal string ...', 'D:\\xampp\\htdocs...', 9, Array)
#1 D:\xampp\htdocs\ReservasiZoom\vendor\codeigniter4\framework\system\View\View.php(246): include('D:\\xampp\\htdocs...')
#2 D:\xampp\htdocs\ReservasiZoom\vendor\codeigniter4\framework\system\Common.php(1119): CodeIgniter\View\View->render('reservasi/detai...', Array, true)
#3 D:\xampp\htdocs\ReservasiZoom\app\Controllers\Reservasi.php(28): view('reservasi/detai...', Array)
#4 D:\xampp\htdocs\ReservasiZoom\vendor\codeigniter4\framework\system\CodeIgniter.php(918): App\Controllers\Reservasi->detail('2')
#5 D:\xampp\htdocs\ReservasiZoom\vendor\codeigniter4\framework\system\CodeIgniter.php(404): CodeIgniter\CodeIgniter->runController(Object(App\Controllers\Reservasi))
#6 D:\xampp\htdocs\ReservasiZoom\vendor\codeigniter4\framework\system\CodeIgniter.php(312): CodeIgniter\CodeIgniter->handleRequest(NULL, Object(Config\Cache), false)
#7 D:\xampp\htdocs\ReservasiZoom\public\index.php(45): CodeIgniter\CodeIgniter->run()
#8 D:\xampp\htdocs\ReservasiZoom\vendor\codeigniter4\framework\system\Commands\Server\rewrite.php(34): require_once('D:\\xampp\\htdocs...')
#9 {main}
